This is pdfTeX, Version 3.1415926-1.40.10 (MiKTeX 2.8) (preloaded format=pdftex 2011.4.29)  23 JAN 2013 17:48
entering extended mode
**E:/GitHub/Thesis_the_second/thesisBib.bib
(E:/GitHub/Thesis_the_second/thesisBib.bib
! Missing $ inserted.
<inserted text> 
                $
<to be read again> 
                   _
l.2   CTLdash_
              repeated_names = "no"
? 
! Emergency stop.
<inserted text> 
                $
<to be read again> 
                   _
l.2   CTLdash_
              repeated_names = "no"
End of file on the terminal!

!  ==> Fatal error occurred, no output PDF file produced!
