This is pdfTeX, Version 3.1415926-1.40.10 (MiKTeX 2.8) (preloaded format=pdflatex 2011.1.19)  28 NOV 2012 17:43
entering extended mode
**E:/GitHub/Thesis_the_second/thesis.tex
(E:/GitHub/Thesis_the_second/thesis.tex
LaTeX2e <2009/09/24>
Babel <v3.8l> and hyphenation patterns for english, dumylang, nohyphenation, ge
rman, ngerman, german-x-2009-06-19, ngerman-x-2009-06-19, french, loaded.
(E:\GitHub\Thesis_the_second\Thesis.cls
Document Class: Thesis 
("C:\Program Files (x86)\MiKTeX 2.8\tex\latex\base\report.cls"
Document Class: report 2007/10/19 v1.4h Standard LaTeX document class
("C:\Program Files (x86)\MiKTeX 2.8\tex\latex\base\size12.clo"
File: size12.clo 2007/10/19 v1.4h Standard LaTeX file (size option)
)
\c@part=\count79
\c@chapter=\count80
\c@section=\count81
\c@subsection=\count82
\c@subsubsection=\count83
\c@paragraph=\count84
\c@subparagraph=\count85
\c@figure=\count86
\c@table=\count87
\abovecaptionskip=\skip41
\belowcaptionskip=\skip42
\bibindent=\dimen102
))
("C:\Program Files (x86)\MiKTeX 2.8\tex\latex\ieeepes\vmargin.sty"
Package: vmargin 1999/06/01

Package `vmargin', V2.2, <1999/06/01>
\PaperWidth=\dimen103
\PaperHeight=\dimen104
) ("C:\Program Files (x86)\MiKTeX 2.8\tex\latex\base\t1enc.sty"
Package: t1enc 1994/06/01 Standard LaTeX package
)
("C:\Program Files (x86)\MiKTeX 2.8\tex\latex\base\inputenc.sty"
Package: inputenc 2008/03/30 v1.1d Input encoding file
\inpenc@prehook=\toks14
\inpenc@posthook=\toks15

("C:\Program Files (x86)\MiKTeX 2.8\tex\latex\base\latin1.def"
File: latin1.def 2008/03/30 v1.1d Input encoding file
))
("C:\Program Files (x86)\MiKTeX 2.8\tex\latex\psnfss\times.sty"
Package: times 2005/04/12 PSNFSS-v9.2a (SPQR) 
)
("C:\Program Files (x86)\MiKTeX 2.8\tex\latex\mathcomp\mathcomp.sty"
Package: mathcomp 2001/01/07 v0.1f (TBo)

("C:\Program Files (x86)\MiKTeX 2.8\tex\latex\base\textcomp.sty"
Package: textcomp 2005/09/27 v1.99g Standard LaTeX package
Package textcomp Info: Sub-encoding information:
(textcomp)               5 = only ISO-Adobe without \textcurrency
(textcomp)               4 = 5 + \texteuro
(textcomp)               3 = 4 + \textohm
(textcomp)               2 = 3 + \textestimated + \textcurrency
(textcomp)               1 = TS1 - \textcircled - \t
(textcomp)               0 = TS1 (full)
(textcomp)             Font families with sub-encoding setting implement
(textcomp)             only a restricted character set as indicated.
(textcomp)             Family '?' is the default used for unknown fonts.
(textcomp)             See the documentation for details.
Package textcomp Info: Setting ? sub-encoding to TS1/1 on input line 71.

("C:\Program Files (x86)\MiKTeX 2.8\tex\latex\base\ts1enc.def"
File: ts1enc.def 2001/06/05 v3.0e (jk/car/fm) Standard LaTeX file
)
LaTeX Info: Redefining \oldstylenums on input line 266.
Package textcomp Info: Setting cmr sub-encoding to TS1/0 on input line 281.
Package textcomp Info: Setting cmss sub-encoding to TS1/0 on input line 282.
Package textcomp Info: Setting cmtt sub-encoding to TS1/0 on input line 283.
Package textcomp Info: Setting cmvtt sub-encoding to TS1/0 on input line 284.
Package textcomp Info: Setting cmbr sub-encoding to TS1/0 on input line 285.
Package textcomp Info: Setting cmtl sub-encoding to TS1/0 on input line 286.
Package textcomp Info: Setting ccr sub-encoding to TS1/0 on input line 287.
Package textcomp Info: Setting ptm sub-encoding to TS1/4 on input line 288.
Package textcomp Info: Setting pcr sub-encoding to TS1/4 on input line 289.
Package textcomp Info: Setting phv sub-encoding to TS1/4 on input line 290.
Package textcomp Info: Setting ppl sub-encoding to TS1/3 on input line 291.
Package textcomp Info: Setting pag sub-encoding to TS1/4 on input line 292.
Package textcomp Info: Setting pbk sub-encoding to TS1/4 on input line 293.
Package textcomp Info: Setting pnc sub-encoding to TS1/4 on input line 294.
Package textcomp Info: Setting pzc sub-encoding to TS1/4 on input line 295.
Package textcomp Info: Setting bch sub-encoding to TS1/4 on input line 296.
Package textcomp Info: Setting put sub-encoding to TS1/5 on input line 297.
Package textcomp Info: Setting uag sub-encoding to TS1/5 on input line 298.
Package textcomp Info: Setting ugq sub-encoding to TS1/5 on input line 299.
Package textcomp Info: Setting ul8 sub-encoding to TS1/4 on input line 300.
Package textcomp Info: Setting ul9 sub-encoding to TS1/4 on input line 301.
Package textcomp Info: Setting augie sub-encoding to TS1/5 on input line 302.
Package textcomp Info: Setting dayrom sub-encoding to TS1/3 on input line 303.
Package textcomp Info: Setting dayroms sub-encoding to TS1/3 on input line 304.

Package textcomp Info: Setting pxr sub-encoding to TS1/0 on input line 305.
Package textcomp Info: Setting pxss sub-encoding to TS1/0 on input line 306.
Package textcomp Info: Setting pxtt sub-encoding to TS1/0 on input line 307.
Package textcomp Info: Setting txr sub-encoding to TS1/0 on input line 308.
Package textcomp Info: Setting txss sub-encoding to TS1/0 on input line 309.
Package textcomp Info: Setting txtt sub-encoding to TS1/0 on input line 310.
Package textcomp Info: Setting lmr sub-encoding to TS1/0 on input line 311.
Package textcomp Info: Setting lmdh sub-encoding to TS1/0 on input line 312.
Package textcomp Info: Setting lmss sub-encoding to TS1/0 on input line 313.
Package textcomp Info: Setting lmssq sub-encoding to TS1/0 on input line 314.
Package textcomp Info: Setting lmvtt sub-encoding to TS1/0 on input line 315.
Package textcomp Info: Setting qhv sub-encoding to TS1/0 on input line 316.
Package textcomp Info: Setting qag sub-encoding to TS1/0 on input line 317.
Package textcomp Info: Setting qbk sub-encoding to TS1/0 on input line 318.
Package textcomp Info: Setting qcr sub-encoding to TS1/0 on input line 319.
Package textcomp Info: Setting qcs sub-encoding to TS1/0 on input line 320.
Package textcomp Info: Setting qpl sub-encoding to TS1/0 on input line 321.
Package textcomp Info: Setting qtm sub-encoding to TS1/0 on input line 322.
Package textcomp Info: Setting qzc sub-encoding to TS1/0 on input line 323.
Package textcomp Info: Setting qhvc sub-encoding to TS1/0 on input line 324.
Package textcomp Info: Setting futs sub-encoding to TS1/4 on input line 325.
Package textcomp Info: Setting futx sub-encoding to TS1/4 on input line 326.
Package textcomp Info: Setting futj sub-encoding to TS1/4 on input line 327.
Package textcomp Info: Setting hlh sub-encoding to TS1/3 on input line 328.
Package textcomp Info: Setting hls sub-encoding to TS1/3 on input line 329.
Package textcomp Info: Setting hlst sub-encoding to TS1/3 on input line 330.
Package textcomp Info: Setting hlct sub-encoding to TS1/5 on input line 331.
Package textcomp Info: Setting hlx sub-encoding to TS1/5 on input line 332.
Package textcomp Info: Setting hlce sub-encoding to TS1/5 on input line 333.
Package textcomp Info: Setting hlcn sub-encoding to TS1/5 on input line 334.
Package textcomp Info: Setting hlcw sub-encoding to TS1/5 on input line 335.
Package textcomp Info: Setting hlcf sub-encoding to TS1/5 on input line 336.
Package textcomp Info: Setting pplx sub-encoding to TS1/3 on input line 337.
Package textcomp Info: Setting pplj sub-encoding to TS1/3 on input line 338.
Package textcomp Info: Setting ptmx sub-encoding to TS1/4 on input line 339.
Package textcomp Info: Setting ptmj sub-encoding to TS1/4 on input line 340.
)
\symTC=\mathgroup4
LaTeX Font Info:    Overwriting symbol font `TC' in version `bold'
(Font)                  TS1/cmr/m/n --> TS1/cmr/bx/n on input line 25.
LaTeX Font Info:    Redeclaring math symbol \dagger on input line 47.
LaTeX Font Info:    Redeclaring math symbol \ddagger on input line 48.
)
("C:\Program Files (x86)\MiKTeX 2.8\tex\latex\subfigure\subfigure.sty"
Package: subfigure 2002/07/30 v2.1.4 subfigure package
\subfigtopskip=\skip43
\subfigcapskip=\skip44
\subfigcaptopadj=\dimen105
\subfigbottomskip=\skip45
\subfigcapmargin=\dimen106
\subfiglabelskip=\skip46
\c@subfigure=\count88
\c@lofdepth=\count89
\c@subtable=\count90
\c@lotdepth=\count91

****************************************
* Local config file subfigure.cfg used *
****************************************
("C:\Program Files (x86)\MiKTeX 2.8\tex\latex\subfigure\subfigure.cfg")
\subfig@top=\skip47
\subfig@bottom=\skip48
)
("C:\Program Files (x86)\MiKTeX 2.8\tex\latex\amsfonts\amssymb.sty"
Package: amssymb 2009/06/22 v3.00

("C:\Program Files (x86)\MiKTeX 2.8\tex\latex\amsfonts\amsfonts.sty"
Package: amsfonts 2009/06/22 v3.00 Basic AMSFonts support
\@emptytoks=\toks16
\symAMSa=\mathgroup5
\symAMSb=\mathgroup6
LaTeX Font Info:    Overwriting math alphabet `\mathfrak' in version `bold'
(Font)                  U/euf/m/n --> U/euf/b/n on input line 96.
))
("C:\Program Files (x86)\MiKTeX 2.8\tex\latex\ams\math\amsmath.sty"
Package: amsmath 2000/07/18 v2.13 AMS math features
\@mathmargin=\skip49

For additional information on amsmath, use the `?' option.
("C:\Program Files (x86)\MiKTeX 2.8\tex\latex\ams\math\amstext.sty"
Package: amstext 2000/06/29 v2.01

("C:\Program Files (x86)\MiKTeX 2.8\tex\latex\ams\math\amsgen.sty"
File: amsgen.sty 1999/11/30 v2.0
\@emptytoks=\toks17
\ex@=\dimen107
))
("C:\Program Files (x86)\MiKTeX 2.8\tex\latex\ams\math\amsbsy.sty"
Package: amsbsy 1999/11/29 v1.2d
\pmbraise@=\dimen108
)
("C:\Program Files (x86)\MiKTeX 2.8\tex\latex\ams\math\amsopn.sty"
Package: amsopn 1999/12/14 v2.01 operator names
)
\inf@bad=\count92
LaTeX Info: Redefining \frac on input line 211.
\uproot@=\count93
\leftroot@=\count94
LaTeX Info: Redefining \overline on input line 307.
\classnum@=\count95
\DOTSCASE@=\count96
LaTeX Info: Redefining \ldots on input line 379.
LaTeX Info: Redefining \dots on input line 382.
LaTeX Info: Redefining \cdots on input line 467.
\Mathstrutbox@=\box26
\strutbox@=\box27
\big@size=\dimen109
LaTeX Font Info:    Redeclaring font encoding OML on input line 567.
LaTeX Font Info:    Redeclaring font encoding OMS on input line 568.
\macc@depth=\count97
\c@MaxMatrixCols=\count98
\dotsspace@=\muskip10
\c@parentequation=\count99
\dspbrk@lvl=\count100
\tag@help=\toks18
\row@=\count101
\column@=\count102
\maxfields@=\count103
\andhelp@=\toks19
\eqnshift@=\dimen110
\alignsep@=\dimen111
\tagshift@=\dimen112
\tagwidth@=\dimen113
\totwidth@=\dimen114
\lineht@=\dimen115
\@envbody=\toks20
\multlinegap=\skip50
\multlinetaggap=\skip51
\mathdisplay@stack=\toks21
LaTeX Info: Redefining \[ on input line 2666.
LaTeX Info: Redefining \] on input line 2667.
)
("C:\Program Files (x86)\MiKTeX 2.8\tex\latex\graphics\graphicx.sty"
Package: graphicx 1999/02/16 v1.0f Enhanced LaTeX Graphics (DPC,SPQR)

("C:\Program Files (x86)\MiKTeX 2.8\tex\latex\graphics\keyval.sty"
Package: keyval 1999/03/16 v1.13 key=value parser (DPC)
\KV@toks@=\toks22
)
("C:\Program Files (x86)\MiKTeX 2.8\tex\latex\graphics\graphics.sty"
Package: graphics 2009/02/05 v1.0o Standard LaTeX Graphics (DPC,SPQR)

("C:\Program Files (x86)\MiKTeX 2.8\tex\latex\graphics\trig.sty"
Package: trig 1999/03/16 v1.09 sin cos tan (DPC)
)
("C:\Program Files (x86)\MiKTeX 2.8\tex\latex\00miktex\graphics.cfg"
File: graphics.cfg 2007/01/18 v1.5 graphics configuration of teTeX/TeXLive
)
Package graphics Info: Driver file: pdftex.def on input line 91.

("C:\Program Files (x86)\MiKTeX 2.8\tex\latex\pdftex-def\pdftex.def"
File: pdftex.def 2011/05/27 v0.06d Graphics/color for pdfTeX

("C:\Program Files (x86)\MiKTeX 2.8\tex\generic\oberdiek\infwarerr.sty"
Package: infwarerr 2010/04/08 v1.3 Providing info/warning/message (HO)
)
("C:\Program Files (x86)\MiKTeX 2.8\tex\generic\oberdiek\ltxcmds.sty"
Package: ltxcmds 2011/04/18 v1.20 LaTeX kernel commands for general use (HO)
)
\Gread@gobject=\count104
))
\Gin@req@height=\dimen116
\Gin@req@width=\dimen117
)
("C:\Program Files (x86)\MiKTeX 2.8\tex\latex\cleveref\cleveref.sty"
Package: cleveref 2011/03/22 v0.17.9 Intelligent cross-referencing
Package cleveref Info: loaded `english' language definitions on input line 5499
.
)
(E:\GitHub\Thesis_the_second\thesis.aux

LaTeX Warning: Label `fig:diff_bunch_len_para' multiply defined.


LaTeX Warning: Label `cref@fig:diff_bunch_len_para' multiply defined.


LaTeX Warning: Label `fig:imp-overlap-fres' multiply defined.


LaTeX Warning: Label `cref@fig:imp-overlap-fres' multiply defined.

)
LaTeX Font Info:    Checking defaults for OML/cmm/m/it on input line 40.
LaTeX Font Info:    ... okay on input line 40.
LaTeX Font Info:    Checking defaults for T1/cmr/m/n on input line 40.
LaTeX Font Info:    ... okay on input line 40.
LaTeX Font Info:    Checking defaults for OT1/cmr/m/n on input line 40.
LaTeX Font Info:    ... okay on input line 40.
LaTeX Font Info:    Checking defaults for OMS/cmsy/m/n on input line 40.
LaTeX Font Info:    ... okay on input line 40.
LaTeX Font Info:    Checking defaults for OMX/cmex/m/n on input line 40.
LaTeX Font Info:    ... okay on input line 40.
LaTeX Font Info:    Checking defaults for U/cmr/m/n on input line 40.
LaTeX Font Info:    ... okay on input line 40.
LaTeX Font Info:    Checking defaults for TS1/cmr/m/n on input line 40.
LaTeX Font Info:    Try loading font information for TS1+cmr on input line 40.
 ("C:\Program Files (x86)\MiKTeX 2.8\tex\latex\base\ts1cmr.fd"
File: ts1cmr.fd 1999/05/25 v2.5h Standard LaTeX font definitions
)
LaTeX Font Info:    ... okay on input line 40.
LaTeX Font Info:    Try loading font information for T1+ptm on input line 40.

("C:\Program Files (x86)\MiKTeX 2.8\tex\latex\psnfss\t1ptm.fd"
File: t1ptm.fd 2001/06/04 font definitions for T1/ptm.
)
("C:\Program Files (x86)\MiKTeX 2.8\tex\context\base\supp-pdf.mkii"
[Loading MPS to PDF converter (version 2006.09.02).]
\scratchcounter=\count105
\scratchdimen=\dimen118
\scratchbox=\box28
\nofMPsegments=\count106
\nofMParguments=\count107
\everyMPshowfont=\toks23
\MPscratchCnt=\count108
\MPscratchDim=\dimen119
\MPnumerator=\count109
\makeMPintoPDFobject=\count110
\everyMPtoPDFconversion=\toks24
)
LaTeX Font Info:    Font shape `T1/ptm/bx/n' in size <12> not available
(Font)              Font shape `T1/ptm/b/n' tried instead on input line 48.
LaTeX Font Info:    Font shape `T1/ptm/bx/n' in size <24.88> not available
(Font)              Font shape `T1/ptm/b/n' tried instead on input line 48.
LaTeX Font Info:    Try loading font information for T1+ppl on input line 48.
 ("C:\Program Files (x86)\MiKTeX 2.8\tex\latex\psnfss\t1ppl.fd"
File: t1ppl.fd 2001/06/04 font definitions for T1/ppl.
) [1

{C:/Users/hday/AppData/Local/MiKTeX/2.8/pdftex/config/pdftex.map}]
(E:\GitHub\Thesis_the_second\thesis.toc
LaTeX Font Info:    Try loading font information for U+msa on input line 8.

("C:\Program Files (x86)\MiKTeX 2.8\tex\latex\amsfonts\umsa.fd"
File: umsa.fd 2009/06/22 v3.00 AMS symbols A
)
LaTeX Font Info:    Try loading font information for U+msb on input line 8.

("C:\Program Files (x86)\MiKTeX 2.8\tex\latex\amsfonts\umsb.fd"
File: umsb.fd 2009/06/22 v3.00 AMS symbols B
) [2

] [3]
[4])
\tf@toc=\write3
 [5] (E:\GitHub\Thesis_the_second\thesis.lot [6

] [7])
\tf@lot=\write4
 [8]
(E:\GitHub\Thesis_the_second\thesis.lof [9

] [10]
Overfull \hbox (21.20888pt too wide) in paragraph at lines 43--43
 [][] []\T1/ptm/m/n/12 Measurement setup for mea-sure-ments of the dipo-lar bea
m cou-pling impedance 
 []

[11] [12] [13] [14] [15] [16] [17]
Overfull \hbox (18.96469pt too wide) in paragraph at lines 155--155
 \T1/ptm/m/n/12 ing CST Par-ti-cle Stu-dio. 8.12(a)[] shows the hor-i-zon-tal q
uadrupo-lar impedance, 
 []


LaTeX Warning: Reference `fig:19-screen-cond-layoyt' on page 138 undefined on i
nput line 161.

[18]

LaTeX Warning: Reference `fig:overlap-imp-tot' on page 147 undefined on input l
ine 192.

[19]

LaTeX Warning: Reference `eqn:res-freq-mki' on page 148 undefined on input line
 195.

[20])
\tf@lof=\write5
 [21] (E:\GitHub\Thesis_the_second\Preface/abstract.tex) [22

] [23]
Underfull \hbox (badness 10000) in paragraph at lines 51--51

 []

[24

] [25

] (E:\GitHub\Thesis_the_second\Preface/author.tex) [26

] [27

]
Chapter 1.
(E:\GitHub\Thesis_the_second\Introduction/introduction.tex) [28

]
Chapter 2.
(E:\GitHub\Thesis_the_second\Wakefields_and_Impedances/wakefields.tex
LaTeX Font Info:    Font shape `T1/ptm/bx/n' in size <17.28> not available
(Font)              Font shape `T1/ptm/b/n' tried instead on input line 1.
LaTeX Font Info:    Font shape `T1/ptm/bx/n' in size <14.4> not available
(Font)              Font shape `T1/ptm/b/n' tried instead on input line 13.
 [29

]
[30] [31] [32]

LaTeX Warning: Reference `eqn:long_wake_func; eqn:trans_wake_func' on page 33 u
ndefined on input line 143.


Overfull \hbox (1.52687pt too wide) in paragraph at lines 148--148
[] 
 []

[33]) (E:\GitHub\Thesis_the_second\Wakefields_and_Impedances/impedances.tex
Overfull \hbox (7.51727pt too wide) in paragraph at lines 7--8
\T1/ptm/m/n/12 The lon-gi-tu-di-nal beam cou-pling impedance $\OML/cmm/m/it/12 
Z[]$ \T1/ptm/m/n/12 and the trans-verse beam cou-pling impedance
 []

[34]) (E:\GitHub\Thesis_the_second\Wakefields_and_Impedances/geometric.tex
[35] [36] [37])
(E:\GitHub\Thesis_the_second\Wakefields_and_Impedances/resistive_wall.tex
[38]
Overfull \hbox (8.09985pt too wide) in paragraph at lines 27--27
[]\T1/ptm/m/n/10 (a) 
 []


Overfull \hbox (8.65991pt too wide) in paragraph at lines 31--31
[]\T1/ptm/m/n/10 (b) 
 []

LaTeX Font Info:    Try loading font information for TS1+ptm on input line 38.
("C:\Program Files (x86)\MiKTeX 2.8\tex\latex\psnfss\ts1ptm.fd"
File: ts1ptm.fd 2001/06/04 font definitions for TS1/ptm.
))
(E:\GitHub\Thesis_the_second\Wakefields_and_Impedances/beam_induced_heating.tex
[39] [40]
<Wakefields_and_Impedances/figures/beam_spectra_power_gauss_meas_12ns.pdf, id=1
43, 578.16pt x 433.62pt>
File: Wakefields_and_Impedances/figures/beam_spectra_power_gauss_meas_12ns.pdf 
Graphic file (type pdf)

<use Wakefields_and_Impedances/figures/beam_spectra_power_gauss_meas_12ns.pdf>
Package pdftex.def Info: Wakefields_and_Impedances/figures/beam_spectra_power_g
auss_meas_12ns.pdf used on input line 70.
(pdftex.def)             Requested size: 192.34288pt x 144.25293pt.
File: Wakefields_and_Impedances/figures/beam_spectra_power_gauss_meas_12ns.pdf 
Graphic file (type pdf)

<use Wakefields_and_Impedances/figures/beam_spectra_power_gauss_meas_12ns.pdf>
Package pdftex.def Info: Wakefields_and_Impedances/figures/beam_spectra_power_g
auss_meas_12ns.pdf used on input line 74.
(pdftex.def)             Requested size: 192.34288pt x 144.25293pt.

[41]
<Wakefields_and_Impedances/figures/bunch_profile_12ns.pdf, id=148, 578.16pt x 4
33.62pt>
File: Wakefields_and_Impedances/figures/bunch_profile_12ns.pdf Graphic file (ty
pe pdf)
 <use Wakefields_and_Impedances/figures/bunch_profile_12ns.pdf>
Package pdftex.def Info: Wakefields_and_Impedances/figures/bunch_profile_12ns.p
df used on input line 111.
(pdftex.def)             Requested size: 277.82788pt x 208.3668pt.

<Wakefields_and_Impedances/figures/current_spectrum_12ns.pdf, id=149, 578.16pt 
x 433.62pt>
File: Wakefields_and_Impedances/figures/current_spectrum_12ns.pdf Graphic file 
(type pdf)
 <use Wakefields_and_Impedances/figures/current_spectrum_12ns.pdf>
Package pdftex.def Info: Wakefields_and_Impedances/figures/current_spectrum_12n
s.pdf used on input line 121.
(pdftex.def)             Requested size: 192.34288pt x 144.25293pt.

<Wakefields_and_Impedances/figures/power_spectrum_12ns.pdf, id=150, 578.16pt x 
433.62pt>
File: Wakefields_and_Impedances/figures/power_spectrum_12ns.pdf Graphic file (t
ype pdf)
 <use Wakefields_and_Impedances/figures/power_spectrum_12ns.pdf>
Package pdftex.def Info: Wakefields_and_Impedances/figures/power_spectrum_12ns.
pdf used on input line 125.
(pdftex.def)             Requested size: 192.34288pt x 144.25293pt.

[42 <E:/GitHub/Thesis_the_second/Wakefields_and_Impedances/figures/beam_spectra
_power_gauss_meas_12ns.pdf>] [43 <E:/GitHub/Thesis_the_second/Wakefields_and_Im
pedances/figures/bunch_profile_12ns.pdf> <E:/GitHub/Thesis_the_second/Wakefield
s_and_Impedances/figures/current_spectrum_12ns.pdf> <E:/GitHub/Thesis_the_secon
d/Wakefields_and_Impedances/figures/power_spectrum_12ns.pdf>]
<Wakefields_and_Impedances/figures/gaussian_time_dom_diff_lengths.pdf, id=347, 
578.16pt x 433.62pt>
File: Wakefields_and_Impedances/figures/gaussian_time_dom_diff_lengths.pdf Grap
hic file (type pdf)

<use Wakefields_and_Impedances/figures/gaussian_time_dom_diff_lengths.pdf>
Package pdftex.def Info: Wakefields_and_Impedances/figures/gaussian_time_dom_di
ff_lengths.pdf used on input line 136.
(pdftex.def)             Requested size: 192.34288pt x 144.25293pt.

<Wakefields_and_Impedances/figures/gaussian_power_spec_diff_lengths.pdf, id=348
, 578.16pt x 433.62pt>
File: Wakefields_and_Impedances/figures/gaussian_power_spec_diff_lengths.pdf Gr
aphic file (type pdf)

<use Wakefields_and_Impedances/figures/gaussian_power_spec_diff_lengths.pdf>
Package pdftex.def Info: Wakefields_and_Impedances/figures/gaussian_power_spec_
diff_lengths.pdf used on input line 140.
(pdftex.def)             Requested size: 192.34288pt x 144.25293pt.

<Wakefields_and_Impedances/figures/current_amp_para_change.pdf, id=349, 578.16p
t x 433.62pt>
File: Wakefields_and_Impedances/figures/current_amp_para_change.pdf Graphic fil
e (type pdf)

<use Wakefields_and_Impedances/figures/current_amp_para_change.pdf>
Package pdftex.def Info: Wakefields_and_Impedances/figures/current_amp_para_cha
nge.pdf used on input line 149.
(pdftex.def)             Requested size: 192.34288pt x 144.25293pt.

<Wakefields_and_Impedances/figures/freq_power_para_change.pdf, id=350, 578.16pt
 x 433.62pt>
File: Wakefields_and_Impedances/figures/freq_power_para_change.pdf Graphic file
 (type pdf)

<use Wakefields_and_Impedances/figures/freq_power_para_change.pdf>
Package pdftex.def Info: Wakefields_and_Impedances/figures/freq_power_para_chan
ge.pdf used on input line 153.
(pdftex.def)             Requested size: 192.34288pt x 144.25293pt.

<Wakefields_and_Impedances/figures/beam_spectra_power_12ns.pdf, id=351, 578.16p
t x 433.62pt>
File: Wakefields_and_Impedances/figures/beam_spectra_power_12ns.pdf Graphic fil
e (type pdf)

<use Wakefields_and_Impedances/figures/beam_spectra_power_12ns.pdf>
Package pdftex.def Info: Wakefields_and_Impedances/figures/beam_spectra_power_1
2ns.pdf used on input line 162.
(pdftex.def)             Requested size: 277.82788pt x 208.3668pt.
 [44 <E:/GitHub/Thesis_the_second/Wakefields_and_Impedances/figures/gaussian_ti
me_dom_diff_lengths.pdf> <E:/GitHub/Thesis_the_second/Wakefields_and_Impedances
/figures/gaussian_power_spec_diff_lengths.pdf> <E:/GitHub/Thesis_the_second/Wak
efields_and_Impedances/figures/current_amp_para_change.pdf> <E:/GitHub/Thesis_t
he_second/Wakefields_and_Impedances/figures/freq_power_para_change.pdf>]
<Wakefields_and_Impedances/figures/low_q_10_resonance_beam_harmonics.pdf, id=56
9, 578.16pt x 433.62pt>
File: Wakefields_and_Impedances/figures/low_q_10_resonance_beam_harmonics.pdf G
raphic file (type pdf)

<use Wakefields_and_Impedances/figures/low_q_10_resonance_beam_harmonics.pdf>
Package pdftex.def Info: Wakefields_and_Impedances/figures/low_q_10_resonance_b
eam_harmonics.pdf used on input line 182.
(pdftex.def)             Requested size: 277.82788pt x 208.3668pt.


LaTeX Warning: Reference `eqn:heating-gen' on page 45 undefined on input line 1
97.

[45 <E:/GitHub/Thesis_the_second/Wakefields_and_Impedances/figures/beam_spectra
_power_12ns.pdf>]
Overfull \hbox (76.73761pt too wide) detected at line 206
[] \OT1/cmr/m/n/12 = [] \OML/cmm/m/it/12 :
 []


<Wakefields_and_Impedances/figures/high_q_1000_resonance_beam_harmonics.pdf, id
=634, 578.16pt x 433.62pt>
File: Wakefields_and_Impedances/figures/high_q_1000_resonance_beam_harmonics.pd
f Graphic file (type pdf)

<use Wakefields_and_Impedances/figures/high_q_1000_resonance_beam_harmonics.pdf
>
Package pdftex.def Info: Wakefields_and_Impedances/figures/high_q_1000_resonanc
e_beam_harmonics.pdf used on input line 210.
(pdftex.def)             Requested size: 277.82788pt x 208.3668pt.


LaTeX Warning: Reference `eqn:heating-gen' on page 46 undefined on input line 2
16.

[46 <E:/GitHub/Thesis_the_second/Wakefields_and_Impedances/figures/low_q_10_res
onance_beam_harmonics.pdf>] [47 <E:/GitHub/Thesis_the_second/Wakefields_and_Imp
edances/figures/high_q_1000_resonance_beam_harmonics.pdf>]
<Wakefields_and_Impedances/figures/heating_narrowband_gauss_bunch_length.pdf, i
d=745, 578.16pt x 433.62pt>
File: Wakefields_and_Impedances/figures/heating_narrowband_gauss_bunch_length.p
df Graphic file (type pdf)

<use Wakefields_and_Impedances/figures/heating_narrowband_gauss_bunch_length.pd
f>
Package pdftex.def Info: Wakefields_and_Impedances/figures/heating_narrowband_g
auss_bunch_length.pdf used on input line 248.
(pdftex.def)             Requested size: 341.94652pt x 256.45554pt.


LaTeX Warning: Reference `fig:bunch_length_heat_narrow_cos' on page 48 undefine
d on input line 254.

[48] [49 <E:/GitHub/Thesis_the_second/Wakefields_and_Impedances/figures/heating
_narrowband_gauss_bunch_length.pdf>]
<Wakefields_and_Impedances/figures/heating_narrowband_gausscos_bunch_length.pdf
, id=787, 578.16pt x 433.62pt>
File: Wakefields_and_Impedances/figures/heating_narrowband_gausscos_bunch_lengt
h.pdf Graphic file (type pdf)

<use Wakefields_and_Impedances/figures/heating_narrowband_gausscos_bunch_length
.pdf>
Package pdftex.def Info: Wakefields_and_Impedances/figures/heating_narrowband_g
ausscos_bunch_length.pdf used on input line 261.
(pdftex.def)             Requested size: 213.71576pt x 160.2847pt.

<Wakefields_and_Impedances/figures/impedance_and_power_cos_res.pdf, id=788, 578
.16pt x 433.62pt>
File: Wakefields_and_Impedances/figures/impedance_and_power_cos_res.pdf Graphic
 file (type pdf)

<use Wakefields_and_Impedances/figures/impedance_and_power_cos_res.pdf>
Package pdftex.def Info: Wakefields_and_Impedances/figures/impedance_and_power_
cos_res.pdf used on input line 265.
(pdftex.def)             Requested size: 213.71576pt x 160.2847pt.

Overfull \hbox (14.28001pt too wide) in paragraph at lines 261--266
[][] [] 
 []


<Wakefields_and_Impedances/figures/heating_broadband_gausscos_bunch_length.pdf,
 id=789, 578.16pt x 433.62pt>
File: Wakefields_and_Impedances/figures/heating_broadband_gausscos_bunch_length
.pdf Graphic file (type pdf)

<use Wakefields_and_Impedances/figures/heating_broadband_gausscos_bunch_length.
pdf>
Package pdftex.def Info: Wakefields_and_Impedances/figures/heating_broadband_ga
usscos_bunch_length.pdf used on input line 275.
(pdftex.def)             Requested size: 213.71576pt x 160.2847pt.

<Wakefields_and_Impedances/figures/impedance_and_power_cos_res_broad.pdf, id=79
0, 578.16pt x 433.62pt>
File: Wakefields_and_Impedances/figures/impedance_and_power_cos_res_broad.pdf G
raphic file (type pdf)

<use Wakefields_and_Impedances/figures/impedance_and_power_cos_res_broad.pdf>
Package pdftex.def Info: Wakefields_and_Impedances/figures/impedance_and_power_
cos_res_broad.pdf used on input line 279.
(pdftex.def)             Requested size: 213.71576pt x 160.2847pt.

Overfull \hbox (14.28001pt too wide) in paragraph at lines 275--280
[][] [] 
 []

[50 <E:/GitHub/Thesis_the_second/Wakefields_and_Impedances/figures/heating_narr
owband_gausscos_bunch_length.pdf> <E:/GitHub/Thesis_the_second/Wakefields_and_I
mpedances/figures/impedance_and_power_cos_res.pdf>] [51 <E:/GitHub/Thesis_the_s
econd/Wakefields_and_Impedances/figures/heating_broadband_gausscos_bunch_length
.pdf> <E:/GitHub/Thesis_the_second/Wakefields_and_Impedances/figures/impedance_
and_power_cos_res_broad.pdf>])
(E:\GitHub\Thesis_the_second\Wakefields_and_Impedances/beam_instabilities.tex
[52] [53] [54]) [55]
Chapter 3.
(E:\GitHub\Thesis_the_second\beam_based_impedance_measurements.tex [56

]
[57] [58] [59]) [60]
Chapter 4.
(E:\GitHub\Thesis_the_second\Bench_Top_Measurements/impedance_measurement.tex
[61

] [62] [63] [64] [65] [66] [67]

LaTeX Warning: Reference `fig:two_wire_measure' on page 68 undefined on input l
ine 207.


Underfull \hbox (badness 1342) in paragraph at lines 212--212
[]\T1/ptm/m/n/12 Figure 4.5: Mea-sure-ment setup for mea-sure-ments of the dipo
-lar beam cou-pling
 []


LaTeX Warning: Reference `chap:wake_imp' on page 68 undefined on input line 217
.

[68] [69]
Overfull \hbox (16.98785pt too wide) in paragraph at lines 274--274
[] 
 []


Overfull \hbox (44.08281pt too wide) in paragraph at lines 282--282
[] 
 []

[70] [71]
Overfull \hbox (60.97878pt too wide) in paragraph at lines 345--345
[] 
 []

[72] [73]
Overfull \hbox (3.13344pt too wide) in paragraph at lines 377--378
[]\T1/ptm/m/n/12 This can be thought of by com-par-ing the sys-tem to a ho-moge
-nous trans-mis-sion line[cite
 []

[74]
Overfull \hbox (8.09985pt too wide) in paragraph at lines 418--418
[]\T1/ptm/m/n/10 (a) 
 []


Overfull \hbox (8.65991pt too wide) in paragraph at lines 423--423
[]\T1/ptm/m/n/10 (b) 
 []


LaTeX Warning: Reference `fg:tsutsui-model' on page 75 undefined on input line 
433.


<Bench_Top_Measurements/figures/cross-section-coaxial-wire-measurements.png, id
=1066, 919.18407pt x 401.24907pt>
File: Bench_Top_Measurements/figures/cross-section-coaxial-wire-measurements.pn
g Graphic file (type png)

<use Bench_Top_Measurements/figures/cross-section-coaxial-wire-measurements.png
>
Package pdftex.def Info: Bench_Top_Measurements/figures/cross-section-coaxial-w
ire-measurements.png used on input line 437.
(pdftex.def)             Requested size: 213.71576pt x 93.28943pt.
 [75] [76 <E:/GitHub/Thesis_the_second/Bench_Top_Measurements/figures/cross-sec
tion-coaxial-wire-measurements.png (PNG copy)>]
<Bench_Top_Measurements/figures/wire_meas/ferrite_plates/longitudinal-horizonta
l.pdf, id=1074, 733.54048pt x 500.46976pt>
File: Bench_Top_Measurements/figures/wire_meas/ferrite_plates/longitudinal-hori
zontal.pdf Graphic file (type pdf)

<use Bench_Top_Measurements/figures/wire_meas/ferrite_plates/longitudinal-horiz
ontal.pdf>
Package pdftex.def Info: Bench_Top_Measurements/figures/wire_meas/ferrite_plate
s/longitudinal-horizontal.pdf used on input line 467.
(pdftex.def)             Requested size: 213.71576pt x 145.81215pt.

<Bench_Top_Measurements/figures/wire_meas/ferrite_plates/longitudinal-vertical.
pdf, id=1075, 596.2275pt x 440.84702pt>
File: Bench_Top_Measurements/figures/wire_meas/ferrite_plates/longitudinal-vert
ical.pdf Graphic file (type pdf)

<use Bench_Top_Measurements/figures/wire_meas/ferrite_plates/longitudinal-verti
cal.pdf>
Package pdftex.def Info: Bench_Top_Measurements/figures/wire_meas/ferrite_plate
s/longitudinal-vertical.pdf used on input line 471.
(pdftex.def)             Requested size: 213.71576pt x 158.01866pt.

Overfull \hbox (14.28001pt too wide) in paragraph at lines 467--473
[][] []
 []


<Bench_Top_Measurements/figures/wire_meas/ferrite_plates/dipolar-horizontal.pdf
, id=1076, 731.73375pt x 472.46513pt>
File: Bench_Top_Measurements/figures/wire_meas/ferrite_plates/dipolar-horizonta
l.pdf Graphic file (type pdf)

<use Bench_Top_Measurements/figures/wire_meas/ferrite_plates/dipolar-horizontal
.pdf>
Package pdftex.def Info: Bench_Top_Measurements/figures/wire_meas/ferrite_plate
s/dipolar-horizontal.pdf used on input line 480.
(pdftex.def)             Requested size: 213.71576pt x 137.99182pt.

<Bench_Top_Measurements/figures/wire_meas/ferrite_plates/dipolar-vertical.pdf, 
id=1077, 720.89326pt x 466.1415pt>
File: Bench_Top_Measurements/figures/wire_meas/ferrite_plates/dipolar-vertical.
pdf Graphic file (type pdf)

<use Bench_Top_Measurements/figures/wire_meas/ferrite_plates/dipolar-vertical.p
df>
Package pdftex.def Info: Bench_Top_Measurements/figures/wire_meas/ferrite_plate
s/dipolar-vertical.pdf used on input line 484.
(pdftex.def)             Requested size: 213.71576pt x 138.18625pt.

Overfull \hbox (14.28001pt too wide) in paragraph at lines 480--486
[][] []
 []


<Bench_Top_Measurements/figures/wire_meas/ferrite_plates/quadrupolar-horizontal
.pdf, id=1078, 749.80125pt x 475.17525pt>
File: Bench_Top_Measurements/figures/wire_meas/ferrite_plates/quadrupolar-horiz
ontal.pdf Graphic file (type pdf)

<use Bench_Top_Measurements/figures/wire_meas/ferrite_plates/quadrupolar-horizo
ntal.pdf>
Package pdftex.def Info: Bench_Top_Measurements/figures/wire_meas/ferrite_plate
s/quadrupolar-horizontal.pdf used on input line 493.
(pdftex.def)             Requested size: 213.71576pt x 135.4336pt.

<Bench_Top_Measurements/figures/wire_meas/ferrite_plates/quadrupolar-vertical.p
df, id=1079, 636.87938pt x 473.3685pt>
File: Bench_Top_Measurements/figures/wire_meas/ferrite_plates/quadrupolar-verti
cal.pdf Graphic file (type pdf)

<use Bench_Top_Measurements/figures/wire_meas/ferrite_plates/quadrupolar-vertic
al.pdf>
Package pdftex.def Info: Bench_Top_Measurements/figures/wire_meas/ferrite_plate
s/quadrupolar-vertical.pdf used on input line 497.
(pdftex.def)             Requested size: 213.71576pt x 158.84126pt.

Overfull \hbox (14.28001pt too wide) in paragraph at lines 493--499
[][] []
 []

[77 <E:/GitHub/Thesis_the_second/Bench_Top_Measurements/figures/wire_meas/ferri
te_plates/longitudinal-horizontal.pdf> <E:/GitHub/Thesis_the_second/Bench_Top_M
easurements/figures/wire_meas/ferrite_plates/longitudinal-vertical.pdf>]
[78 <E:/GitHub/Thesis_the_second/Bench_Top_Measurements/figures/wire_meas/ferri
te_plates/dipolar-horizontal.pdf> <E:/GitHub/Thesis_the_second/Bench_Top_Measur
ements/figures/wire_meas/ferrite_plates/dipolar-vertical.pdf> <E:/GitHub/Thesis
_the_second/Bench_Top_Measurements/figures/wire_meas/ferrite_plates/quadrupolar
-horizontal.pdf> <E:/GitHub/Thesis_the_second/Bench_Top_Measurements/figures/wi
re_meas/ferrite_plates/quadrupolar-vertical.pdf>] [79] [80]
<Bench_Top_Measurements/figures/wire_meas/graphite_plates/longitudinal-horizont
al.pdf, id=1525, 588.09715pt x 437.2335pt>
File: Bench_Top_Measurements/figures/wire_meas/graphite_plates/longitudinal-hor
izontal.pdf Graphic file (type pdf)

<use Bench_Top_Measurements/figures/wire_meas/graphite_plates/longitudinal-hori
zontal.pdf>
Package pdftex.def Info: Bench_Top_Measurements/figures/wire_meas/graphite_plat
es/longitudinal-horizontal.pdf used on input line 552.
(pdftex.def)             Requested size: 213.71576pt x 158.89171pt.

<Bench_Top_Measurements/figures/wire_meas/graphite_plates/longitudinal-vertical
.pdf, id=1526, 871.75688pt x 587.19376pt>
File: Bench_Top_Measurements/figures/wire_meas/graphite_plates/longitudinal-ver
tical.pdf Graphic file (type pdf)

<use Bench_Top_Measurements/figures/wire_meas/graphite_plates/longitudinal-vert
ical.pdf>
Package pdftex.def Info: Bench_Top_Measurements/figures/wire_meas/graphite_plat
es/longitudinal-vertical.pdf used on input line 556.
(pdftex.def)             Requested size: 213.71576pt x 143.94884pt.

Overfull \hbox (14.28001pt too wide) in paragraph at lines 552--558
[][] []
 []


<Bench_Top_Measurements/figures/wire_meas/graphite_plates/dipolar-horizontal.pd
f, id=1527, 810.32736pt x 599.84097pt>
File: Bench_Top_Measurements/figures/wire_meas/graphite_plates/dipolar-horizont
al.pdf Graphic file (type pdf)

<use Bench_Top_Measurements/figures/wire_meas/graphite_plates/dipolar-horizonta
l.pdf>
Package pdftex.def Info: Bench_Top_Measurements/figures/wire_meas/graphite_plat
es/dipolar-horizontal.pdf used on input line 565.
(pdftex.def)             Requested size: 213.71576pt x 158.1974pt.

<Bench_Top_Measurements/figures/wire_meas/graphite_plates/dipolar-vertical.pdf,
 id=1528, 956.6741pt x 620.6186pt>
File: Bench_Top_Measurements/figures/wire_meas/graphite_plates/dipolar-vertical
.pdf Graphic file (type pdf)

<use Bench_Top_Measurements/figures/wire_meas/graphite_plates/dipolar-vertical.
pdf>
Package pdftex.def Info: Bench_Top_Measurements/figures/wire_meas/graphite_plat
es/dipolar-vertical.pdf used on input line 569.
(pdftex.def)             Requested size: 213.71576pt x 138.63882pt.

Overfull \hbox (14.28001pt too wide) in paragraph at lines 565--571
[][] []
 []


<Bench_Top_Measurements/figures/wire_meas/graphite_plates/quadrupolar-horizonta
l.pdf, id=1529, 816.65097pt x 600.74437pt>
File: Bench_Top_Measurements/figures/wire_meas/graphite_plates/quadrupolar-hori
zontal.pdf Graphic file (type pdf)

<use Bench_Top_Measurements/figures/wire_meas/graphite_plates/quadrupolar-horiz
ontal.pdf>
Package pdftex.def Info: Bench_Top_Measurements/figures/wire_meas/graphite_plat
es/quadrupolar-horizontal.pdf used on input line 578.
(pdftex.def)             Requested size: 213.71576pt x 157.20734pt.


LaTeX Warning: File `Bench_Top_Measurements/figures/wire_meas/graphite_plates/q
uadrupolar-vertical.pdf' not found on input line 582.


! Package pdftex.def Error: File `Bench_Top_Measurements/figures/wire_meas/grap
hite_plates/quadrupolar-vertical.pdf' not found.

See the pdftex.def package documentation for explanation.
Type  H <return>  for immediate help.
 ...                                              
                                                  
l.582 }
       
? 
LaTeX Font Info:    Try loading font information for T1+pcr on input line 582.
("C:\Program Files (x86)\MiKTeX 2.8\tex\latex\psnfss\t1pcr.fd"
File: t1pcr.fd 2001/06/04 font definitions for T1/pcr.
)
Overfull \hbox (14.28001pt too wide) in paragraph at lines 578--584
[][] []
 []

[81] [82 <E:/GitHub/Thesis_the_second/Bench_Top_Measurements/figures/wire_meas/
graphite_plates/longitudinal-horizontal.pdf> <E:/GitHub/Thesis_the_second/Bench
_Top_Measurements/figures/wire_meas/graphite_plates/longitudinal-vertical.pdf> 
<E:/GitHub/Thesis_the_second/Bench_Top_Measurements/figures/wire_meas/graphite_
plates/dipolar-horizontal.pdf> <E:/GitHub/Thesis_the_second/Bench_Top_Measureme
nts/figures/wire_meas/graphite_plates/dipolar-vertical.pdf>] [83 <E:/GitHub/The
sis_the_second/Bench_Top_Measurements/figures/wire_meas/graphite_plates/quadrup
olar-horizontal.pdf>]

pdfTeX warning: pdflatex (file E:/GitHub/Thesis_the_second/figures/cavity_beamp
ipe.pdf): PDF inclusion: found PDF version <1.5>, but at most version <1.4> all
owed
<figures/cavity_beampipe.pdf, id=1925, 569.12625pt x 455.30101pt>
File: figures/cavity_beampipe.pdf Graphic file (type pdf)

<use figures/cavity_beampipe.pdf>
Package pdftex.def Info: figures/cavity_beampipe.pdf used on input line 607.
(pdftex.def)             Requested size: 213.71576pt x 170.97366pt.


pdfTeX warning: pdflatex (file E:/GitHub/Thesis_the_second/figures/cavity_beamp
ipe_coaxial.pdf): PDF inclusion: found PDF version <1.5>, but at most version <
1.4> allowed
<figures/cavity_beampipe_coaxial.pdf, id=1926, 711.37767pt x 455.30101pt>
File: figures/cavity_beampipe_coaxial.pdf Graphic file (type pdf)

<use figures/cavity_beampipe_coaxial.pdf>
Package pdftex.def Info: figures/cavity_beampipe_coaxial.pdf used on input line
 611.
(pdftex.def)             Requested size: 267.1447pt x 170.97366pt.

Overfull \hbox (67.70895pt too wide) in paragraph at lines 607--612
[][] [] 
 []

) [84 <E:/GitHub/Thesis_the_second/figures/cavity_beampipe.pdf> <E:/GitHub/Thes
is_the_second/figures/cavity_beampipe_coaxial.pdf>]
Chapter 5.
(E:\GitHub\Thesis_the_second\Computational_Simulations/introduction.tex)
(E:\GitHub\Thesis_the_second\Computational_Simulations/time_domain.tex [85

]

LaTeX Warning: Reference `fig:time_domain_beam' on page 86 undefined on input l
ine 21.


Overfull \hbox (8.09985pt too wide) in paragraph at lines 27--27
[]\T1/ptm/m/n/10 (a) 
 []


Overfull \hbox (8.65991pt too wide) in paragraph at lines 31--31
[]\T1/ptm/m/n/10 (b) 
 []


Overfull \hbox (8.09985pt too wide) in paragraph at lines 35--35
[]\T1/ptm/m/n/10 (c) 
 []


Overfull \hbox (8.65991pt too wide) in paragraph at lines 39--39
[]\T1/ptm/m/n/10 (d) 
 []


LaTeX Warning: Reference `fig:time_domain_beam' on page 86 undefined on input l
ine 42.

[86]) (E:\GitHub\Thesis_the_second\Computational_Simulations/freq_domain.tex

LaTeX Warning: Reference `sec:sec:imp_geo_imp' on page 87 undefined on input li
ne 13.


LaTeX Warning: Reference `sec:ferrite_damping' on page 87 undefined on input li
ne 13.

[87]

LaTeX Warning: Reference `sec:coax_wire_meth' on page 88 undefined on input lin
e 23.

[88]) [89]
Chapter 6.

(E:\GitHub\Thesis_the_second\Beam_Coupling_Impedance_Reduction_Techniques/intro
duction.tex)
(E:\GitHub\Thesis_the_second\Beam_Coupling_Impedance_Reduction_Techniques/step_
ins.tex [90

]
Overfull \hbox (8.09985pt too wide) in paragraph at lines 12--12
[]\T1/ptm/m/n/10 (a) 
 []


Overfull \hbox (8.65991pt too wide) in paragraph at lines 16--16
[]\T1/ptm/m/n/10 (b) 
 []

)
(E:\GitHub\Thesis_the_second\Beam_Coupling_Impedance_Reduction_Techniques/trans
itions.tex
Overfull \hbox (8.09985pt too wide) in paragraph at lines 10--10
[]\T1/ptm/m/n/10 (a) 
 []


Overfull \hbox (8.65991pt too wide) in paragraph at lines 14--14
[]\T1/ptm/m/n/10 (b) 
 []

[91]
Overfull \hbox (8.09985pt too wide) in paragraph at lines 28--28
[]\T1/ptm/m/n/10 (a) 
 []


Overfull \hbox (8.65991pt too wide) in paragraph at lines 32--32
[]\T1/ptm/m/n/10 (b) 
 []


Overfull \hbox (8.09985pt too wide) in paragraph at lines 37--37
[]\T1/ptm/m/n/10 (c) 
 []

)
(E:\GitHub\Thesis_the_second\Beam_Coupling_Impedance_Reduction_Techniques/condu
ctive_coatings.tex [92]

LaTeX Warning: Reference `sec:phase_2_res_wall' on page 93 undefined on input l
ine 12.

)
(E:\GitHub\Thesis_the_second\Beam_Coupling_Impedance_Reduction_Techniques/beam_
screens.tex
Overfull \hbox (4.52844pt too wide) in paragraph at lines 8--9
\T1/ptm/m/n/12 of view, es-pe-cially con-tribut-ing a large imag-i-nary com-po-
nent to the lon-gi-tu-di-nal impedance
 []

[93]

LaTeX Warning: Reference `sec:mki_studies' on page 94 undefined on input line 1
0.

)
(E:\GitHub\Thesis_the_second\Beam_Coupling_Impedance_Reduction_Techniques/serig
raphy.tex [94]
Overfull \hbox (8.09985pt too wide) in paragraph at lines 13--13
[]\T1/ptm/m/n/10 (a) 
 []


Overfull \hbox (8.65991pt too wide) in paragraph at lines 17--17
[]\T1/ptm/m/n/10 (b) 
 []


Overfull \hbox (8.09985pt too wide) in paragraph at lines 21--21
[]\T1/ptm/m/n/10 (c) 
 []

)
(E:\GitHub\Thesis_the_second\Beam_Coupling_Impedance_Reduction_Techniques/dampi
ng_materials.tex [95] [96]

LaTeX Warning: Reference `sec:tctp' on page 97 undefined on input line 33.



pdfTeX warning: pdflatex (file E:/GitHub/Thesis_the_second/Beam_Coupling_Impeda
nce_Reduction_Techniques/figures/pillbox_cavity_ferr.pdf): PDF inclusion: found
 PDF version <1.5>, but at most version <1.4> allowed

<Beam_Coupling_Impedance_Reduction_Techniques/figures/pillbox_cavity_ferr.pdf, 
id=1982, 569.12625pt x 341.47577pt>
File: Beam_Coupling_Impedance_Reduction_Techniques/figures/pillbox_cavity_ferr.
pdf Graphic file (type pdf)

<use Beam_Coupling_Impedance_Reduction_Techniques/figures/pillbox_cavity_ferr.p
df>
Package pdftex.def Info: Beam_Coupling_Impedance_Reduction_Techniques/figures/p
illbox_cavity_ferr.pdf used on input line 41.
(pdftex.def)             Requested size: 192.34288pt x 115.40723pt.


pdfTeX warning: pdflatex (file E:/GitHub/Thesis_the_second/Beam_Coupling_Impeda
nce_Reduction_Techniques/figures/pillbox_cavity_shielded_ferr.pdf): PDF inclusi
on: found PDF version <1.5>, but at most version <1.4> allowed

<Beam_Coupling_Impedance_Reduction_Techniques/figures/pillbox_cavity_shielded_f
err.pdf, id=1983, 569.12625pt x 341.47577pt>
File: Beam_Coupling_Impedance_Reduction_Techniques/figures/pillbox_cavity_shiel
ded_ferr.pdf Graphic file (type pdf)

<use Beam_Coupling_Impedance_Reduction_Techniques/figures/pillbox_cavity_shield
ed_ferr.pdf>
Package pdftex.def Info: Beam_Coupling_Impedance_Reduction_Techniques/figures/p
illbox_cavity_shielded_ferr.pdf used on input line 45.
(pdftex.def)             Requested size: 192.34288pt x 115.40723pt.
 [97] [98 <E:/GitHub/Thesis_the_second/Beam_Coupling_Impedance_Reduction_Techni
ques/figures/pillbox_cavity_ferr.pdf> <E:/GitHub/Thesis_the_second/Beam_Couplin
g_Impedance_Reduction_Techniques/figures/pillbox_cavity_shielded_ferr.pdf>]

LaTeX Warning: Reference `fig:wall_losses' on page 99 undefined on input line 8
2.

[99]

LaTeX Warning: Reference `app:ferr_losses' on page 100 undefined on input line 
113.

[100]
<Beam_Coupling_Impedance_Reduction_Techniques/figures/no_screen_long_imp_all.pd
f, id=2013, 726.31348pt x 528.47438pt>
File: Beam_Coupling_Impedance_Reduction_Techniques/figures/no_screen_long_imp_a
ll.pdf Graphic file (type pdf)

<use Beam_Coupling_Impedance_Reduction_Techniques/figures/no_screen_long_imp_al
l.pdf>
Package pdftex.def Info: Beam_Coupling_Impedance_Reduction_Techniques/figures/n
o_screen_long_imp_all.pdf used on input line 117.
(pdftex.def)             Requested size: 299.20076pt x 217.70807pt.

<Beam_Coupling_Impedance_Reduction_Techniques/figures/no_screen_loss_tan_vs_q.p
df, id=2014, 603.45451pt x 452.59087pt>
File: Beam_Coupling_Impedance_Reduction_Techniques/figures/no_screen_loss_tan_v
s_q.pdf Graphic file (type pdf)

<use Beam_Coupling_Impedance_Reduction_Techniques/figures/no_screen_loss_tan_vs
_q.pdf>
Package pdftex.def Info: Beam_Coupling_Impedance_Reduction_Techniques/figures/n
o_screen_loss_tan_vs_q.pdf used on input line 127.
(pdftex.def)             Requested size: 192.34288pt x 144.25883pt.

<Beam_Coupling_Impedance_Reduction_Techniques/figures/no_screen_q_vs_loss_ferr.
pdf, id=2015, 578.16pt x 433.62pt>
File: Beam_Coupling_Impedance_Reduction_Techniques/figures/no_screen_q_vs_loss_
ferr.pdf Graphic file (type pdf)

<use Beam_Coupling_Impedance_Reduction_Techniques/figures/no_screen_q_vs_loss_f
err.pdf>
Package pdftex.def Info: Beam_Coupling_Impedance_Reduction_Techniques/figures/n
o_screen_q_vs_loss_ferr.pdf used on input line 131.
(pdftex.def)             Requested size: 192.34288pt x 144.25293pt.

<Beam_Coupling_Impedance_Reduction_Techniques/figures/no_screen_loss_tan_vs_pow
er.pdf, id=2016, 578.16pt x 433.62pt>
File: Beam_Coupling_Impedance_Reduction_Techniques/figures/no_screen_loss_tan_v
s_power.pdf Graphic file (type pdf)

<use Beam_Coupling_Impedance_Reduction_Techniques/figures/no_screen_loss_tan_vs
_power.pdf>
Package pdftex.def Info: Beam_Coupling_Impedance_Reduction_Techniques/figures/n
o_screen_loss_tan_vs_power.pdf used on input line 138.
(pdftex.def)             Requested size: 299.20076pt x 224.39859pt.

Overfull \hbox (1.64558pt too wide) in paragraph at lines 144--145
[]\T1/ptm/m/n/12 For the case of the shielded fer-rite, the real com-po-nent of
 the beam cou-pling impedance
 []

[101 <E:/GitHub/Thesis_the_second/Beam_Coupling_Impedance_Reduction_Techniques/
figures/no_screen_long_imp_all.pdf>] [102 <E:/GitHub/Thesis_the_second/Beam_Cou
pling_Impedance_Reduction_Techniques/figures/no_screen_loss_tan_vs_q.pdf> <E:/G
itHub/Thesis_the_second/Beam_Coupling_Impedance_Reduction_Techniques/figures/no
_screen_q_vs_loss_ferr.pdf> <E:/GitHub/Thesis_the_second/Beam_Coupling_Impedanc
e_Reduction_Techniques/figures/no_screen_loss_tan_vs_power.pdf>]
<Beam_Coupling_Impedance_Reduction_Techniques/figures/screen_long_imp_all.pdf, 
id=2180, 578.16pt x 433.62pt>
File: Beam_Coupling_Impedance_Reduction_Techniques/figures/screen_long_imp_all.
pdf Graphic file (type pdf)

<use Beam_Coupling_Impedance_Reduction_Techniques/figures/screen_long_imp_all.p
df>
Package pdftex.def Info: Beam_Coupling_Impedance_Reduction_Techniques/figures/s
creen_long_imp_all.pdf used on input line 150.
(pdftex.def)             Requested size: 299.20076pt x 224.39859pt.

<Beam_Coupling_Impedance_Reduction_Techniques/figures/screen_loss_tan_vs_q.pdf,
 id=2181, 578.16pt x 433.62pt>
File: Beam_Coupling_Impedance_Reduction_Techniques/figures/screen_loss_tan_vs_q
.pdf Graphic file (type pdf)

<use Beam_Coupling_Impedance_Reduction_Techniques/figures/screen_loss_tan_vs_q.
pdf>
Package pdftex.def Info: Beam_Coupling_Impedance_Reduction_Techniques/figures/s
creen_loss_tan_vs_q.pdf used on input line 161.
(pdftex.def)             Requested size: 192.34288pt x 144.25293pt.

<Beam_Coupling_Impedance_Reduction_Techniques/figures/screen_q_vs_loss_ferr.pdf
, id=2182, 578.16pt x 433.62pt>
File: Beam_Coupling_Impedance_Reduction_Techniques/figures/screen_q_vs_loss_fer
r.pdf Graphic file (type pdf)

<use Beam_Coupling_Impedance_Reduction_Techniques/figures/screen_q_vs_loss_ferr
.pdf>
Package pdftex.def Info: Beam_Coupling_Impedance_Reduction_Techniques/figures/s
creen_q_vs_loss_ferr.pdf used on input line 165.
(pdftex.def)             Requested size: 192.34288pt x 144.25293pt.

<Beam_Coupling_Impedance_Reduction_Techniques/figures/screen_loss_tan_vs_power.
pdf, id=2183, 578.16pt x 433.62pt>
File: Beam_Coupling_Impedance_Reduction_Techniques/figures/screen_loss_tan_vs_p
ower.pdf Graphic file (type pdf)

<use Beam_Coupling_Impedance_Reduction_Techniques/figures/screen_loss_tan_vs_po
wer.pdf>
Package pdftex.def Info: Beam_Coupling_Impedance_Reduction_Techniques/figures/s
creen_loss_tan_vs_power.pdf used on input line 172.
(pdftex.def)             Requested size: 299.20076pt x 224.39859pt.
) [103 <E:/GitHub/Thesis_the_second/Beam_Coupling_Impedance_Reduction_Technique
s/figures/screen_long_imp_all.pdf>] [104 <E:/GitHub/Thesis_the_second/Beam_Coup
ling_Impedance_Reduction_Techniques/figures/screen_loss_tan_vs_q.pdf> <E:/GitHu
b/Thesis_the_second/Beam_Coupling_Impedance_Reduction_Techniques/figures/screen
_q_vs_loss_ferr.pdf> <E:/GitHub/Thesis_the_second/Beam_Coupling_Impedance_Reduc
tion_Techniques/figures/screen_loss_tan_vs_power.pdf>] [105]
Chapter 7.
(E:\GitHub\Thesis_the_second\LHC_Collimation_Upgrades/introduction.tex [106

]
Overfull \hbox (8.09985pt too wide) in paragraph at lines 28--28
[]\T1/ptm/m/n/10 (a) 
 []


Overfull \hbox (8.65991pt too wide) in paragraph at lines 31--31
[]\T1/ptm/m/n/10 (b) 
 []

[107]

LaTeX Warning: Reference `fig:rf-system-phase-2' on page 108 undefined on input
 line 42.


<LHC_Collimation_Upgrades/figures/cu-geo.png, id=2353, 721.94719pt x 570.63188p
t>
File: LHC_Collimation_Upgrades/figures/cu-geo.png Graphic file (type png)
 <use LHC_Collimation_Upgrades/figures/cu-geo.png>
Package pdftex.def Info: LHC_Collimation_Upgrades/figures/cu-geo.png used on in
put line 47.
(pdftex.def)             Requested size: 299.20076pt x 236.48566pt.
)
(E:\GitHub\Thesis_the_second\LHC_Collimation_Upgrades/phase_2_jaw_material.tex
[108] [109 <E:/GitHub/Thesis_the_second/LHC_Collimation_Upgrades/figures/cu-geo
.png (PNG copy)>]

LaTeX Warning: Reference `fig:phase2-jaw-designs' on page 110 undefined on inpu
t line 16.


<LHC_Collimation_Upgrades/figures/mo-geo.png, id=2361, 302.63063pt x 376.40625p
t>
File: LHC_Collimation_Upgrades/figures/mo-geo.png Graphic file (type png)
 <use LHC_Collimation_Upgrades/figures/mo-geo.png>
Package pdftex.def Info: LHC_Collimation_Upgrades/figures/mo-geo.png used on in
put line 37.
(pdftex.def)             Requested size: 192.34288pt x 239.23355pt.

<LHC_Collimation_Upgrades/figures/mo-mocd-geo.png, id=2362, 298.86656pt x 362.1
0281pt>
File: LHC_Collimation_Upgrades/figures/mo-mocd-geo.png Graphic file (type png)
 <use LHC_Collimation_Upgrades/figures/mo-mocd-geo.png>
Package pdftex.def Info: LHC_Collimation_Upgrades/figures/mo-mocd-geo.png used 
on input line 41.
(pdftex.def)             Requested size: 192.34288pt x 233.04343pt.
 [110] [111 <E:/GitHub/Thesis_the_second/LHC_Collimation_Upgrades/figures/mo-ge
o.png (PNG copy)> <E:/GitHub/Thesis_the_second/LHC_Collimation_Upgrades/figures
/mo-mocd-geo.png (PNG copy)>]

pdfTeX warning: pdflatex (file E:/GitHub/Thesis_the_second/LHC_Collimation_Upgr
ades/figures/mounet-model.pdf): PDF inclusion: found PDF version <1.5>, but at 
most version <1.4> allowed

<LHC_Collimation_Upgrades/figures/mounet-model.pdf, id=2369, 722.7pt x 369.9019
3pt>
File: LHC_Collimation_Upgrades/figures/mounet-model.pdf Graphic file (type pdf)

 <use LHC_Collimation_Upgrades/figures/mounet-model.pdf>
Package pdftex.def Info: LHC_Collimation_Upgrades/figures/mounet-model.pdf used
 on input line 54.
(pdftex.def)             Requested size: 363.31941pt x 185.96083pt.

<LHC_Collimation_Upgrades/figures/longitudinal.pdf, id=2370, 774.19237pt x 545.
63847pt>
File: LHC_Collimation_Upgrades/figures/longitudinal.pdf Graphic file (type pdf)

 <use LHC_Collimation_Upgrades/figures/longitudinal.pdf>
Package pdftex.def Info: LHC_Collimation_Upgrades/figures/longitudinal.pdf used
 on input line 64.
(pdftex.def)             Requested size: 213.71576pt x 150.62135pt.

<LHC_Collimation_Upgrades/figures/horizDipolar.pdf, id=2371, 757.02826pt x 487.
8225pt>
File: LHC_Collimation_Upgrades/figures/horizDipolar.pdf Graphic file (type pdf)

 <use LHC_Collimation_Upgrades/figures/horizDipolar.pdf>
Package pdftex.def Info: LHC_Collimation_Upgrades/figures/horizDipolar.pdf used
 on input line 68.
(pdftex.def)             Requested size: 213.71576pt x 137.71333pt.

<LHC_Collimation_Upgrades/figures/vertDipolar.pdf, id=2372, 754.31813pt x 526.6
6763pt>
File: LHC_Collimation_Upgrades/figures/vertDipolar.pdf Graphic file (type pdf)
 <use LHC_Collimation_Upgrades/figures/vertDipolar.pdf>
Package pdftex.def Info: LHC_Collimation_Upgrades/figures/vertDipolar.pdf used 
on input line 72.
(pdftex.def)             Requested size: 213.71576pt x 149.21783pt.

<LHC_Collimation_Upgrades/figures/horizQuadrupolar.pdf, id=2373, 701.01903pt x 
472.46513pt>
File: LHC_Collimation_Upgrades/figures/horizQuadrupolar.pdf Graphic file (type 
pdf)
 <use LHC_Collimation_Upgrades/figures/horizQuadrupolar.pdf>
Package pdftex.def Info: LHC_Collimation_Upgrades/figures/horizQuadrupolar.pdf 
used on input line 76.
(pdftex.def)             Requested size: 213.71576pt x 144.03316pt.

<LHC_Collimation_Upgrades/figures/vertQuadrupolar.pdf, id=2374, 671.20764pt x 4
85.11237pt>
File: LHC_Collimation_Upgrades/figures/vertQuadrupolar.pdf Graphic file (type p
df)
 <use LHC_Collimation_Upgrades/figures/vertQuadrupolar.pdf>
Package pdftex.def Info: LHC_Collimation_Upgrades/figures/vertQuadrupolar.pdf u
sed on input line 80.
(pdftex.def)             Requested size: 192.34288pt x 139.01347pt.

Overfull \hbox (14.28001pt too wide) in paragraph at lines 64--82
[][] []
 []


Overfull \hbox (14.28001pt too wide) in paragraph at lines 64--82
[] []
 []


LaTeX Warning: Reference `fig:phase-2-horzdip, fig:phase-2-vertdip, fig:phase-2
-horzquad, fig:phase-2-vertquad' on page 112 undefined on input line 85.

[112 <E:/GitHub/Thesis_the_second/LHC_Collimation_Upgrades/figures/mounet-model
.pdf>] [113 <E:/GitHub/Thesis_the_second/LHC_Collimation_Upgrades/figures/longi
tudinal.pdf> <E:/GitHub/Thesis_the_second/LHC_Collimation_Upgrades/figures/hori
zDipolar.pdf> <E:/GitHub/Thesis_the_second/LHC_Collimation_Upgrades/figures/ver
tDipolar.pdf> <E:/GitHub/Thesis_the_second/LHC_Collimation_Upgrades/figures/hor
izQuadrupolar.pdf> <E:/GitHub/Thesis_the_second/LHC_Collimation_Upgrades/figure
s/vertQuadrupolar.pdf>]
<LHC_Collimation_Upgrades/figures/vertDipolarZoom.pdf, id=2774, 578.16pt x 433.
62pt>
File: LHC_Collimation_Upgrades/figures/vertDipolarZoom.pdf Graphic file (type p
df)
 <use LHC_Collimation_Upgrades/figures/vertDipolarZoom.pdf>
Package pdftex.def Info: LHC_Collimation_Upgrades/figures/vertDipolarZoom.pdf u
sed on input line 91.
(pdftex.def)             Requested size: 299.20076pt x 224.39859pt.
)
(E:\GitHub\Thesis_the_second\LHC_Collimation_Upgrades/tctp_collimator/introduct
ion.tex [114 <E:/GitHub/Thesis_the_second/LHC_Collimation_Upgrades/figures/vert
DipolarZoom.pdf>]
Overfull \hbox (174.13556pt too wide) in paragraph at lines 17--22
 [] 
 []


<LHC_Collimation_Upgrades/figures/ferrite_circuit.png, id=2850, 894.34125pt x 5
90.95781pt>
File: LHC_Collimation_Upgrades/figures/ferrite_circuit.png Graphic file (type p
ng)
 <use LHC_Collimation_Upgrades/figures/ferrite_circuit.png>
Package pdftex.def Info: LHC_Collimation_Upgrades/figures/ferrite_circuit.png u
sed on input line 35.
(pdftex.def)             Requested size: 192.34288pt x 127.08951pt.

<LHC_Collimation_Upgrades/figures/rf-fingers.png, id=2851, 837.1275pt x 557.081
25pt>
File: LHC_Collimation_Upgrades/figures/rf-fingers.png Graphic file (type png)
 <use LHC_Collimation_Upgrades/figures/rf-fingers.png>
Package pdftex.def Info: LHC_Collimation_Upgrades/figures/rf-fingers.png used o
n input line 39.
(pdftex.def)             Requested size: 192.34288pt x 127.98997pt.
 [115] [116 <E:/GitHub/Thesis_the_second/LHC_Collimation_Upgrades/figures/ferri
te_circuit.png (PNG copy)> <E:/GitHub/Thesis_the_second/LHC_Collimation_Upgrade
s/figures/rf-fingers.png (PNG copy)>])
(E:\GitHub\Thesis_the_second\LHC_Collimation_Upgrades/tctp_collimator/impedance
_simulation_results.tex [117]
Overfull \hbox (8.09985pt too wide) in paragraph at lines 19--19
[]\T1/ptm/m/n/10 (a) 
 []


Overfull \hbox (8.65991pt too wide) in paragraph at lines 23--23
[]\T1/ptm/m/n/10 (b) 
 []


Overfull \hbox (8.09985pt too wide) in paragraph at lines 27--27
[]\T1/ptm/m/n/10 (c) 
 []

)
(E:\GitHub\Thesis_the_second\LHC_Collimation_Upgrades/tctp_collimator/transvers
e_impedance_concerns.tex)
(E:\GitHub\Thesis_the_second\LHC_Collimation_Upgrades/tctp_collimator/beam_indu
ced_heating.tex [118]
<LHC_Collimation_Upgrades/figures/longitudinal-impedance-tctp-ferr-freq-dom.pdf
, id=2866, 578.16pt x 433.62pt>
File: LHC_Collimation_Upgrades/figures/longitudinal-impedance-tctp-ferr-freq-do
m.pdf Graphic file (type pdf)

<use LHC_Collimation_Upgrades/figures/longitudinal-impedance-tctp-ferr-freq-dom
.pdf>
Package pdftex.def Info: LHC_Collimation_Upgrades/figures/longitudinal-impedanc
e-tctp-ferr-freq-dom.pdf used on input line 17.
(pdftex.def)             Requested size: 299.20076pt x 224.39859pt.


LaTeX Warning: Reference `app:tctp-eigenmodes' on page 119 undefined on input l
ine 23.

[119]
Overfull \hbox (2.64185pt too wide) in paragraph at lines 45--46
[]\T1/ptm/m/n/12 The heat-ing es-ti-mates as-sum-ing on res-o-nance beam har-mo
n-ics can be seen in Tab. 7.3.3[]
 []

[120 <E:/GitHub/Thesis_the_second/LHC_Collimation_Upgrades/figures/longitudinal
-impedance-tctp-ferr-freq-dom.pdf>] [121]
Overfull \hbox (8.09985pt too wide) in paragraph at lines 130--130
[]\T1/ptm/m/n/10 (a) 
 []


Overfull \hbox (8.65991pt too wide) in paragraph at lines 134--134
[]\T1/ptm/m/n/10 (b) 
 []

[122]

LaTeX Warning: Reference `app:tctp-eigenmodes' on page 123 undefined on input l
ine 142.

[123]
<LHC_Collimation_Upgrades/figures/temp_increase_tctp_col.png, id=2942, 640.6434
3pt x 421.575pt>
File: LHC_Collimation_Upgrades/figures/temp_increase_tctp_col.png Graphic file 
(type png)

<use LHC_Collimation_Upgrades/figures/temp_increase_tctp_col.png>
Package pdftex.def Info: LHC_Collimation_Upgrades/figures/temp_increase_tctp_co
l.png used on input line 174.
(pdftex.def)             Requested size: 320.57364pt x 210.95422pt.
) [124]
[125 <E:/GitHub/Thesis_the_second/LHC_Collimation_Upgrades/figures/temp_increas
e_tctp_col.png (PNG copy)>]
Chapter 8.
(E:\GitHub\Thesis_the_second\LHC_MKI/introduction.tex [126

]
Overfull \hbox (8.09985pt too wide) in paragraph at lines 24--24
[]\T1/ptm/m/n/10 (a) 
 []


Overfull \hbox (8.65991pt too wide) in paragraph at lines 27--27
[]\T1/ptm/m/n/10 (b) 
 []

) (E:\GitHub\Thesis_the_second\LHC_MKI/observations_during_operation.tex

LaTeX Warning: Reference `sec:mki-screen-development' on page 127 undefined on 
input line 2.

[127] [128] [129]
Overfull \hbox (8.09985pt too wide) in paragraph at lines 26--26
[]\T1/ptm/m/n/10 (a) 
 []


Overfull \hbox (8.65991pt too wide) in paragraph at lines 29--29
[]\T1/ptm/m/n/10 (b) 
 []


LaTeX Warning: Reference `sec:mki-screen-development' on page 130 undefined on 
input line 41.

)
(E:\GitHub\Thesis_the_second\LHC_MKI/comparisons_15_simulations_measurements.te
x [130] [131]
Overfull \hbox (8.09985pt too wide) in paragraph at lines 16--16
[]\T1/ptm/m/n/10 (a) 
 []


Overfull \hbox (8.65991pt too wide) in paragraph at lines 19--19
[]\T1/ptm/m/n/10 (b) 
 []

[132]
Overfull \hbox (8.09985pt too wide) in paragraph at lines 54--54
[]\T1/ptm/m/n/10 (a) 
 []


Overfull \hbox (8.65991pt too wide) in paragraph at lines 57--57
[]\T1/ptm/m/n/10 (b) 
 []


Overfull \hbox (8.09985pt too wide) in paragraph at lines 65--65
[]\T1/ptm/m/n/10 (a) 
 []


Overfull \hbox (8.65991pt too wide) in paragraph at lines 68--68
[]\T1/ptm/m/n/10 (b) 
 []


Overfull \hbox (8.09985pt too wide) in paragraph at lines 76--76
[]\T1/ptm/m/n/10 (a) 
 []


Overfull \hbox (8.65991pt too wide) in paragraph at lines 79--79
[]\T1/ptm/m/n/10 (b) 
 []

[133]

LaTeX Warning: Reference `sec:beam-induced-heating' on page 134 undefined on in
put line 91.

[134])
(E:\GitHub\Thesis_the_second\LHC_MKI/considerations_besides_impedance_for_new_d
esigns.tex [135]

LaTeX Warning: Reference `fig:mki-elongated-spheres' on page 136 undefined on i
nput line 7.


LaTeX Warning: Reference `fig:mki-alternating-length-conds' on page 136 undefin
ed on input line 7.


LaTeX Warning: Reference `fig:mki-external-metallization' on page 136 undefined
 on input line 7.

)
(E:\GitHub\Thesis_the_second\LHC_MKI/measurements_observation_19_screen_conduct
ors.tex [136] [137]
Overfull \hbox (8.09985pt too wide) in paragraph at lines 16--16
[]\T1/ptm/m/n/10 (a) 
 []


Overfull \hbox (8.65991pt too wide) in paragraph at lines 19--19
[]\T1/ptm/m/n/10 (b) 
 []


LaTeX Warning: Reference `fig:19-screen-cond-layoyt' on page 138 undefined on i
nput line 21.


LaTeX Warning: Reference `fig:19-screen-cond-layoyt' on page 138 undefined on i
nput line 21.

[138] [139])
(E:\GitHub\Thesis_the_second\LHC_MKI/impedance_behaviour_components.tex
[140]
<LHC_MKI/figures/mki-buildup-ferrite.png, id=2997, 888.31876pt x 487.06969pt>
File: LHC_MKI/figures/mki-buildup-ferrite.png Graphic file (type png)

<use LHC_MKI/figures/mki-buildup-ferrite.png>
Package pdftex.def Info: LHC_MKI/figures/mki-buildup-ferrite.png used on input 
line 22.
(pdftex.def)             Requested size: 192.34288pt x 105.46114pt.

<LHC_MKI/figures/mki-buildup-ferrite-ceramic.png, id=2998, 1224.07312pt x 481.0
4718pt>
File: LHC_MKI/figures/mki-buildup-ferrite-ceramic.png Graphic file (type png)
 <use LHC_MKI/figures/mki-buildup-ferrite-ceramic.png>
Package pdftex.def Info: LHC_MKI/figures/mki-buildup-ferrite-ceramic.png used o
n input line 26.
(pdftex.def)             Requested size: 192.34288pt x 75.58182pt.

<LHC_MKI/figures/mki-buildup-ferrite-ceramic-cond.png, id=2999, 484.05844pt x 4
15.5525pt>
File: LHC_MKI/figures/mki-buildup-ferrite-ceramic-cond.png Graphic file (type p
ng)
 <use LHC_MKI/figures/mki-buildup-ferrite-ceramic-cond.png>
Package pdftex.def Info: LHC_MKI/figures/mki-buildup-ferrite-ceramic-cond.png u
sed on input line 30.
(pdftex.def)             Requested size: 192.34288pt x 165.1211pt.

<LHC_MKI/figures/mki-buildup-ferrite-ceramic-cond-full.png, id=3000, 1202.24156
pt x 250.68657pt>
File: LHC_MKI/figures/mki-buildup-ferrite-ceramic-cond-full.png Graphic file (t
ype png)

<use LHC_MKI/figures/mki-buildup-ferrite-ceramic-cond-full.png>
Package pdftex.def Info: LHC_MKI/figures/mki-buildup-ferrite-ceramic-cond-full.
png used on input line 34.
(pdftex.def)             Requested size: 192.34288pt x 40.10301pt.

Underfull \hbox (badness 10000) in paragraph at lines 22--36
[][] []
 []


<LHC_MKI/figures/mki-build-up-real-imp.pdf, id=3001, 663.98062pt x 475.17525pt>
File: LHC_MKI/figures/mki-build-up-real-imp.pdf Graphic file (type pdf)
<use LHC_MKI/figures/mki-build-up-real-imp.pdf>
Package pdftex.def Info: LHC_MKI/figures/mki-build-up-real-imp.pdf used on inpu
t line 43.
(pdftex.def)             Requested size: 213.71576pt x 152.94376pt.

<LHC_MKI/figures/mki-build-up-imag-imp.pdf, id=3002, 676.62785pt x 487.8225pt>
File: LHC_MKI/figures/mki-build-up-imag-imp.pdf Graphic file (type pdf)

<use LHC_MKI/figures/mki-build-up-imag-imp.pdf>
Package pdftex.def Info: LHC_MKI/figures/mki-build-up-imag-imp.pdf used on inpu
t line 47.
(pdftex.def)             Requested size: 213.71576pt x 154.0743pt.

Overfull \hbox (14.28001pt too wide) in paragraph at lines 43--49
[][] []
 []


LaTeX Warning: Reference `fig:mki-take-away-cond-alt' on page 141 undefined on 
input line 57.

[141] [142 <E:/GitHub/Thesis_the_second/LHC_MKI/figures/mki-buildup-ferrite.png
 (PNG copy)> <E:/GitHub/Thesis_the_second/LHC_MKI/figures/mki-buildup-ferrite-c
eramic.png (PNG copy)> <E:/GitHub/Thesis_the_second/LHC_MKI/figures/mki-buildup
-ferrite-ceramic-cond.png (PNG copy)> <E:/GitHub/Thesis_the_second/LHC_MKI/figu
res/mki-buildup-ferrite-ceramic-cond-full.png (PNG copy)> <E:/GitHub/Thesis_the
_second/LHC_MKI/figures/mki-build-up-real-imp.pdf> <E:/GitHub/Thesis_the_second
/LHC_MKI/figures/mki-build-up-imag-imp.pdf>]

pdfTeX warning: pdflatex (file E:/GitHub/Thesis_the_second/LHC_MKI/figures/15-s
creen-cond.pdf): PDF inclusion: found PDF version <1.5>, but at most version <1
.4> allowed
<LHC_MKI/figures/15-screen-cond.pdf, id=3141, 369.90193pt x 398.38837pt>
File: LHC_MKI/figures/15-screen-cond.pdf Graphic file (type pdf)

<use LHC_MKI/figures/15-screen-cond.pdf>
Package pdftex.def Info: LHC_MKI/figures/15-screen-cond.pdf used on input line 
63.
(pdftex.def)             Requested size: 128.23076pt x 138.10672pt.


pdfTeX warning: pdflatex (file E:/GitHub/Thesis_the_second/LHC_MKI/figures/19-s
creen-cond.pdf): PDF inclusion: found PDF version <1.5>, but at most version <1
.4> allowed
<LHC_MKI/figures/19-screen-cond.pdf, id=3142, 369.90193pt x 398.38837pt>
File: LHC_MKI/figures/19-screen-cond.pdf Graphic file (type pdf)

<use LHC_MKI/figures/19-screen-cond.pdf>
Package pdftex.def Info: LHC_MKI/figures/19-screen-cond.pdf used on input line 
67.
(pdftex.def)             Requested size: 128.23076pt x 138.10672pt.


pdfTeX warning: pdflatex (file E:/GitHub/Thesis_the_second/LHC_MKI/figures/24-s
creen-cond.pdf): PDF inclusion: found PDF version <1.5>, but at most version <1
.4> allowed
<LHC_MKI/figures/24-screen-cond.pdf, id=3143, 369.90193pt x 398.38837pt>
File: LHC_MKI/figures/24-screen-cond.pdf Graphic file (type pdf)

<use LHC_MKI/figures/24-screen-cond.pdf>
Package pdftex.def Info: LHC_MKI/figures/24-screen-cond.pdf used on input line 
71.
(pdftex.def)             Requested size: 128.23076pt x 138.10672pt.


pdfTeX warning: pdflatex (file E:/GitHub/Thesis_the_second/LHC_MKI/figures/17-c
ond-alt.pdf): PDF inclusion: found PDF version <1.5>, but at most version <1.4>
 allowed
<LHC_MKI/figures/17-cond-alt.pdf, id=3144, 369.90193pt x 398.38837pt>
File: LHC_MKI/figures/17-cond-alt.pdf Graphic file (type pdf)

<use LHC_MKI/figures/17-cond-alt.pdf>
Package pdftex.def Info: LHC_MKI/figures/17-cond-alt.pdf used on input line 80.

(pdftex.def)             Requested size: 192.34288pt x 207.15704pt.


pdfTeX warning: pdflatex (file E:/GitHub/Thesis_the_second/LHC_MKI/figures/19-c
ond-alt.pdf): PDF inclusion: found PDF version <1.5>, but at most version <1.4>
 allowed
<LHC_MKI/figures/19-cond-alt.pdf, id=3145, 369.90193pt x 398.38837pt>
File: LHC_MKI/figures/19-cond-alt.pdf Graphic file (type pdf)

<use LHC_MKI/figures/19-cond-alt.pdf>
Package pdftex.def Info: LHC_MKI/figures/19-cond-alt.pdf used on input line 84.

(pdftex.def)             Requested size: 192.34288pt x 207.15704pt.


pdfTeX warning: pdflatex (file E:/GitHub/Thesis_the_second/LHC_MKI/figures/20-c
ond-alt.pdf): PDF inclusion: found PDF version <1.5>, but at most version <1.4>
 allowed
<LHC_MKI/figures/20-cond-alt.pdf, id=3146, 369.90193pt x 398.38837pt>
File: LHC_MKI/figures/20-cond-alt.pdf Graphic file (type pdf)

<use LHC_MKI/figures/20-cond-alt.pdf>
Package pdftex.def Info: LHC_MKI/figures/20-cond-alt.pdf used on input line 88.

(pdftex.def)             Requested size: 192.34288pt x 207.15704pt.


pdfTeX warning: pdflatex (file E:/GitHub/Thesis_the_second/LHC_MKI/figures/24-c
ond-alt.pdf): PDF inclusion: found PDF version <1.5>, but at most version <1.4>
 allowed
<LHC_MKI/figures/24-cond-alt.pdf, id=3147, 369.90193pt x 398.38837pt>
File: LHC_MKI/figures/24-cond-alt.pdf Graphic file (type pdf)

<use LHC_MKI/figures/24-cond-alt.pdf>
Package pdftex.def Info: LHC_MKI/figures/24-cond-alt.pdf used on input line 92.

(pdftex.def)             Requested size: 192.34288pt x 207.15704pt.

Underfull \hbox (badness 10000) in paragraph at lines 80--94
[][] []
 []


<LHC_MKI/figures/mki-no-screen-conductors-real-impedance.pdf, id=3148, 578.16pt
 x 433.62pt>
File: LHC_MKI/figures/mki-no-screen-conductors-real-impedance.pdf Graphic file 
(type pdf)
 <use LHC_MKI/figures/mki-no-screen-conductors-real-impedance.pdf>
Package pdftex.def Info: LHC_MKI/figures/mki-no-screen-conductors-real-impedanc
e.pdf used on input line 101.
(pdftex.def)             Requested size: 213.71576pt x 160.2847pt.

<LHC_MKI/figures/mki-no-screen-conductors-imag-impedance.pdf, id=3149, 597.1309
pt x 441.75038pt>
File: LHC_MKI/figures/mki-no-screen-conductors-imag-impedance.pdf Graphic file 
(type pdf)

<use LHC_MKI/figures/mki-no-screen-conductors-imag-impedance.pdf>
Package pdftex.def Info: LHC_MKI/figures/mki-no-screen-conductors-imag-impedanc
e.pdf used on input line 105.
(pdftex.def)             Requested size: 213.71576pt x 158.09981pt.

Overfull \hbox (14.28001pt too wide) in paragraph at lines 101--106
[][] [] 
 []

[143 <E:/GitHub/Thesis_the_second/LHC_MKI/figures/15-screen-cond.pdf> <E:/GitHu
b/Thesis_the_second/LHC_MKI/figures/19-screen-cond.pdf> <E:/GitHub/Thesis_the_s
econd/LHC_MKI/figures/24-screen-cond.pdf>] [144 <E:/GitHub/Thesis_the_second/LH
C_MKI/figures/17-cond-alt.pdf> <E:/GitHub/Thesis_the_second/LHC_MKI/figures/19-
cond-alt.pdf> <E:/GitHub/Thesis_the_second/LHC_MKI/figures/20-cond-alt.pdf> <E:
/GitHub/Thesis_the_second/LHC_MKI/figures/24-cond-alt.pdf>] [145 <E:/GitHub/The
sis_the_second/LHC_MKI/figures/mki-no-screen-conductors-real-impedance.pdf> <E:
/GitHub/Thesis_the_second/LHC_MKI/figures/mki-no-screen-conductors-imag-impedan
ce.pdf>]
Overfull \hbox (8.09985pt too wide) in paragraph at lines 122--122
[]\T1/ptm/m/n/10 (a) 
 []


Overfull \hbox (8.65991pt too wide) in paragraph at lines 125--125
[]\T1/ptm/m/n/10 (b) 
 []


Overfull \hbox (8.09985pt too wide) in paragraph at lines 132--132
[]\T1/ptm/m/n/10 (a) 
 []


Overfull \hbox (8.65991pt too wide) in paragraph at lines 135--135
[]\T1/ptm/m/n/10 (b) 
 []

[146]
<LHC_MKI/figures/mki-overlap-len-real-imp.pdf, id=3353, 578.16pt x 433.62pt>
File: LHC_MKI/figures/mki-overlap-len-real-imp.pdf Graphic file (type pdf)

<use LHC_MKI/figures/mki-overlap-len-real-imp.pdf>
Package pdftex.def Info: LHC_MKI/figures/mki-overlap-len-real-imp.pdf used on i
nput line 153.
(pdftex.def)             Requested size: 213.71576pt x 160.2847pt.

<LHC_MKI/figures/mki-overlap-len-real-imp-zoom.pdf, id=3354, 578.16pt x 433.62p
t>
File: LHC_MKI/figures/mki-overlap-len-real-imp-zoom.pdf Graphic file (type pdf)

 <use LHC_MKI/figures/mki-overlap-len-real-imp-zoom.pdf>
Package pdftex.def Info: LHC_MKI/figures/mki-overlap-len-real-imp-zoom.pdf used
 on input line 157.
(pdftex.def)             Requested size: 213.71576pt x 160.2847pt.

Overfull \hbox (14.28001pt too wide) in paragraph at lines 153--159
[][] []
 []


LaTeX Warning: Reference `fig:overlap-imp-tot' on page 147 undefined on input l
ine 159.


LaTeX Warning: Reference `fig:overlap-imp-tot' on page 147 undefined on input l
ine 159.

<LHC_MKI/figures/mki-overlap-fres-100mm.pdf, id=3355, 578.16pt x 433.62pt>
File: LHC_MKI/figures/mki-overlap-fres-100mm.pdf Graphic file (type pdf)

<use LHC_MKI/figures/mki-overlap-fres-100mm.pdf>
Package pdftex.def Info: LHC_MKI/figures/mki-overlap-fres-100mm.pdf used on inp
ut line 164.
(pdftex.def)             Requested size: 256.46152pt x 192.34164pt.


LaTeX Warning: Reference `eqn:res-freq-mki' on page 147 undefined on input line
 167.


LaTeX Warning: Reference `eqn:res-freq-mki' on page 147 undefined on input line
 167.

<LHC_MKI/figures/mki-tube-thickness-real.pdf, id=3356, 578.16pt x 433.62pt>
File: LHC_MKI/figures/mki-tube-thickness-real.pdf Graphic file (type pdf)

<use LHC_MKI/figures/mki-tube-thickness-real.pdf>
Package pdftex.def Info: LHC_MKI/figures/mki-tube-thickness-real.pdf used on in
put line 174.
(pdftex.def)             Requested size: 213.71576pt x 160.2847pt.
 [147 <E:/GitHub/Thesis_the_second/LHC_MKI/figures/mki-overlap-len-real-imp.pdf
> <E:/GitHub/Thesis_the_second/LHC_MKI/figures/mki-overlap-len-real-imp-zoom.pd
f>]
! Extra }, or forgotten $.
<template> \unskip \hfil }
                          \hskip \tabcolsep \endtemplate 
l.186 50/8  & 30 & 4$ \\ \hline
                               
? 
! Missing $ inserted.
<inserted text> 
                $
l.186 50/8  & 30 & 4$ \\ \hline
                               
? 
! Missing } inserted.
<inserted text> 
                }
l.186 50/8  & 30 & 4$ \\ \hline
                               
? 
) (E:\GitHub\Thesis_the_second\LHC_MKI/new_beam_screen_designs.tex [148 <E:/Git
Hub/Thesis_the_second/LHC_MKI/figures/mki-overlap-fres-100mm.pdf>] [149 <E:/Git
Hub/Thesis_the_second/LHC_MKI/figures/mki-tube-thickness-real.pdf>]

pdfTeX warning: pdflatex (file E:/GitHub/Thesis_the_second/LHC_MKI/figures/mki-
design-layouts/alternating_screen_conductors.pdf): PDF inclusion: found PDF ver
sion <1.5>, but at most version <1.4> allowed

<LHC_MKI/figures/mki-design-layouts/alternating_screen_conductors.pdf, id=3596,
 569.12625pt x 398.38837pt>
File: LHC_MKI/figures/mki-design-layouts/alternating_screen_conductors.pdf Grap
hic file (type pdf)

<use LHC_MKI/figures/mki-design-layouts/alternating_screen_conductors.pdf>
Package pdftex.def Info: LHC_MKI/figures/mki-design-layouts/alternating_screen_
conductors.pdf used on input line 19.
(pdftex.def)             Requested size: 299.20076pt x 209.4488pt.


pdfTeX warning: pdflatex (file E:/GitHub/Thesis_the_second/LHC_MKI/figures/mki-
design-layouts/shortening_screen_conductors.pdf): PDF inclusion: found PDF vers
ion <1.5>, but at most version <1.4> allowed

<LHC_MKI/figures/mki-design-layouts/shortening_screen_conductors.pdf, id=3597, 
569.12625pt x 369.90193pt>
File: LHC_MKI/figures/mki-design-layouts/shortening_screen_conductors.pdf Graph
ic file (type pdf)

<use LHC_MKI/figures/mki-design-layouts/shortening_screen_conductors.pdf>
Package pdftex.def Info: LHC_MKI/figures/mki-design-layouts/shortening_screen_c
onductors.pdf used on input line 27.
(pdftex.def)             Requested size: 299.20076pt x 194.47235pt.


pdfTeX warning: pdflatex (file E:/GitHub/Thesis_the_second/LHC_MKI/figures/mki-
design-layouts/combination_layout.pdf): PDF inclusion: found PDF version <1.5>,
 but at most version <1.4> allowed

<LHC_MKI/figures/mki-design-layouts/combination_layout.pdf, id=3598, 569.12625p
t x 455.30101pt>
File: LHC_MKI/figures/mki-design-layouts/combination_layout.pdf Graphic file (t
ype pdf)

<use LHC_MKI/figures/mki-design-layouts/combination_layout.pdf>
Package pdftex.def Info: LHC_MKI/figures/mki-design-layouts/combination_layout.
pdf used on input line 34.
(pdftex.def)             Requested size: 299.20076pt x 239.37007pt.


pdfTeX warning: pdflatex (file E:/GitHub/Thesis_the_second/LHC_MKI/figures/mki-
design-layouts/enclosed_diagram.pdf): PDF inclusion: found PDF version <1.5>, b
ut at most version <1.4> allowed

<LHC_MKI/figures/mki-design-layouts/enclosed_diagram.pdf, id=3599, 722.7pt x 39
8.38837pt>
File: LHC_MKI/figures/mki-design-layouts/enclosed_diagram.pdf Graphic file (typ
e pdf)
 <use LHC_MKI/figures/mki-design-layouts/enclosed_diagram.pdf>
Package pdftex.def Info: LHC_MKI/figures/mki-design-layouts/enclosed_diagram.pd
f used on input line 42.
(pdftex.def)             Requested size: 299.20076pt x 164.93295pt.


pdfTeX warning: pdflatex (file E:/GitHub/Thesis_the_second/LHC_MKI/figures/mki-
design-layouts/alternative_screen_design.pdf): PDF inclusion: found PDF version
 <1.5>, but at most version <1.4> allowed

<LHC_MKI/figures/mki-design-layouts/alternative_screen_design.pdf, id=3600, 569
.12625pt x 341.53598pt>
File: LHC_MKI/figures/mki-design-layouts/alternative_screen_design.pdf Graphic 
file (type pdf)

<use LHC_MKI/figures/mki-design-layouts/alternative_screen_design.pdf>
Package pdftex.def Info: LHC_MKI/figures/mki-design-layouts/alternative_screen_
design.pdf used on input line 50.
(pdftex.def)             Requested size: 299.20076pt x 179.55922pt.


pdfTeX warning: pdflatex (file E:/GitHub/Thesis_the_second/LHC_MKI/figures/mki-
design-layouts/alternating_screen_conductors_step_out_metallisation.pdf): PDF i
nclusion: found PDF version <1.5>, but at most version <1.4> allowed

<LHC_MKI/figures/mki-design-layouts/alternating_screen_conductors_step_out_meta
llisation.pdf, id=3601, 569.12625pt x 455.30101pt>
File: LHC_MKI/figures/mki-design-layouts/alternating_screen_conductors_step_out
_metallisation.pdf Graphic file (type pdf)

<use LHC_MKI/figures/mki-design-layouts/alternating_screen_conductors_step_out_
metallisation.pdf>
Package pdftex.def Info: LHC_MKI/figures/mki-design-layouts/alternating_screen_
conductors_step_out_metallisation.pdf used on input line 58.
(pdftex.def)             Requested size: 299.20076pt x 239.37007pt.


pdfTeX warning: pdflatex (file E:/GitHub/Thesis_the_second/LHC_MKI/figures/mki-
design-layouts/mki-final-design.pdf): PDF inclusion: found PDF version <1.5>, b
ut at most version <1.4> allowed

<LHC_MKI/figures/mki-design-layouts/mki-final-design.pdf, id=3602, 796.71652pt 
x 455.30101pt>
File: LHC_MKI/figures/mki-design-layouts/mki-final-design.pdf Graphic file (typ
e pdf)
 <use LHC_MKI/figures/mki-design-layouts/mki-final-design.pdf>
Package pdftex.def Info: LHC_MKI/figures/mki-design-layouts/mki-final-design.pd
f used on input line 66.
(pdftex.def)             Requested size: 299.20076pt x 170.98756pt.

[150] [151 <E:/GitHub/Thesis_the_second/LHC_MKI/figures/mki-design-layouts/alte
rnating_screen_conductors.pdf> <E:/GitHub/Thesis_the_second/LHC_MKI/figures/mki
-design-layouts/shortening_screen_conductors.pdf>] [152 <E:/GitHub/Thesis_the_s
econd/LHC_MKI/figures/mki-design-layouts/combination_layout.pdf> <E:/GitHub/The
sis_the_second/LHC_MKI/figures/mki-design-layouts/enclosed_diagram.pdf>]
[153 <E:/GitHub/Thesis_the_second/LHC_MKI/figures/mki-design-layouts/alternativ
e_screen_design.pdf> <E:/GitHub/Thesis_the_second/LHC_MKI/figures/mki-design-la
youts/alternating_screen_conductors_step_out_metallisation.pdf>]
<LHC_MKI/figures/mki-new-screen-designs-impedance.pdf, id=3670, 831.105pt x 521
.24736pt>
File: LHC_MKI/figures/mki-new-screen-designs-impedance.pdf Graphic file (type p
df)
 <use LHC_MKI/figures/mki-new-screen-designs-impedance.pdf>
Package pdftex.def Info: LHC_MKI/figures/mki-new-screen-designs-impedance.pdf u
sed on input line 79.
(pdftex.def)             Requested size: 320.57364pt x 201.05069pt.

<LHC_MKI/figures/mki-new-screen-designs-impedance-log.pdf, id=3671, 578.16pt x 
433.62pt>
File: LHC_MKI/figures/mki-new-screen-designs-impedance-log.pdf Graphic file (ty
pe pdf)
 <use LHC_MKI/figures/mki-new-screen-designs-impedance-log.pdf>
Package pdftex.def Info: LHC_MKI/figures/mki-new-screen-designs-impedance-log.p
df used on input line 83.
(pdftex.def)             Requested size: 320.57364pt x 240.43037pt.
)
(E:\GitHub\Thesis_the_second\LHC_MKI/plans_after_ls1.tex) [154 <E:/GitHub/Thesi
s_the_second/LHC_MKI/figures/mki-design-layouts/mki-final-design.pdf>] [155 <E:
/GitHub/Thesis_the_second/LHC_MKI/figures/mki-new-screen-designs-impedance.pdf>
 <E:/GitHub/Thesis_the_second/LHC_MKI/figures/mki-new-screen-designs-impedance-
log.pdf>]
Chapter 9.
(E:\GitHub\Thesis_the_second\thesis.bbl [156

]

LaTeX Warning: Empty `thebibliography' environment on input line 24.

) [157

] (E:\GitHub\Thesis_the_second\thesis.aux)

LaTeX Warning: There were undefined references.


LaTeX Warning: There were multiply-defined labels.

 ) 
Here is how much of TeX's memory you used:
 5483 strings out of 495269
 116009 string characters out of 3179651
 184091 words of memory out of 3000000
 8414 multiletter control sequences out of 15000+200000
 47940 words of font info for 72 fonts, out of 3000000 for 9000
 14 hyphenation exceptions out of 8191
 28i,13n,24p,1947b,298s stack positions out of 5000i,500n,10000p,200000b,50000s
{C:/Program Files (x86)/MiKTeX 2.8/fonts/enc/dvips/fontname/8r.enc}<C:/Progra
m Files (x86)/MiKTeX 2.8/fonts/type1/public/amsfonts/cm/cmbx12.pfb><C:/Program 
Files (x86)/MiKTeX 2.8/fonts/type1/public/amsfonts/cm/cmbx8.pfb><C:/Program Fil
es (x86)/MiKTeX 2.8/fonts/type1/public/amsfonts/cm/cmex10.pfb><C:/Program Files
 (x86)/MiKTeX 2.8/fonts/type1/public/amsfonts/cm/cmmi12.pfb><C:/Program Files (
x86)/MiKTeX 2.8/fonts/type1/public/amsfonts/cm/cmmi6.pfb><C:/Program Files (x86
)/MiKTeX 2.8/fonts/type1/public/amsfonts/cm/cmmi8.pfb><C:/Program Files (x86)/M
iKTeX 2.8/fonts/type1/public/amsfonts/cm/cmr12.pfb><C:/Program Files (x86)/MiKT
eX 2.8/fonts/type1/public/amsfonts/cm/cmr6.pfb><C:/Program Files (x86)/MiKTeX 2
.8/fonts/type1/public/amsfonts/cm/cmr8.pfb><C:/Program Files (x86)/MiKTeX 2.8/f
onts/type1/public/amsfonts/cm/cmsy10.pfb><C:/Program Files (x86)/MiKTeX 2.8/fon
ts/type1/public/amsfonts/cm/cmsy6.pfb><C:/Program Files (x86)/MiKTeX 2.8/fonts/
type1/public/amsfonts/cm/cmsy8.pfb><C:/Program Files (x86)/MiKTeX 2.8/fonts/typ
e1/urw/courier/ucrr8a.pfb><C:/Program Files (x86)/MiKTeX 2.8/fonts/type1/urw/pa
latino/uplb8a.pfb><C:/Program Files (x86)/MiKTeX 2.8/fonts/type1/urw/times/utmb
8a.pfb><C:/Program Files (x86)/MiKTeX 2.8/fonts/type1/urw/times/utmr8a.pfb><C:/
Program Files (x86)/MiKTeX 2.8/fonts/type1/urw/times/utmri8a.pfb>
Output written on thesis.pdf (157 pages, 3764809 bytes).
PDF statistics:
 3891 PDF objects out of 4296 (max. 8388607)
 0 named destinations out of 1000 (max. 500000)
 411 words of extra memory for PDF output out of 10000 (max. 10000000)

